ERROR - 2022-11-09 13:55:34 --> Column 'telefone' cannot be null
CRITICAL - 2022-11-09 13:55:34 --> Column 'telefone' cannot be null
in SYSTEMPATH\Database\MySQLi\Connection.php on line 292.
 1 SYSTEMPATH\Database\MySQLi\Connection.php(292): mysqli->query('INSERT INTO `cadastro` (`nome`, `telefone`, `email`) VALUES (\'Lucas de Luca Leocadio\', NULL, \'lucasdeluca007@gmail.com\')', 0)
 2 SYSTEMPATH\Database\BaseConnection.php(695): CodeIgniter\Database\MySQLi\Connection->execute('INSERT INTO `cadastro` (`nome`, `telefone`, `email`) VALUES (\'Lucas de Luca Leocadio\', NULL, \'lucasdeluca007@gmail.com\')')
 3 SYSTEMPATH\Database\BaseConnection.php(609): CodeIgniter\Database\BaseConnection->simpleQuery('INSERT INTO `cadastro` (`nome`, `telefone`, `email`) VALUES (\'Lucas de Luca Leocadio\', NULL, \'lucasdeluca007@gmail.com\')')
 4 SYSTEMPATH\Database\BaseBuilder.php(1904): CodeIgniter\Database\BaseConnection->query('INSERT INTO `cadastro` (`nome`, `telefone`, `email`) VALUES (:nome:, :telefone:, :email:)', [...], false)
 5 SYSTEMPATH\Model.php(278): CodeIgniter\Database\BaseBuilder->insert()
 6 SYSTEMPATH\BaseModel.php(738): CodeIgniter\Model->doInsert([...])
 7 SYSTEMPATH\Model.php(666): CodeIgniter\BaseModel->insert([...], true)
 8 APPPATH\Controllers\Cadastros.php(30): CodeIgniter\Model->insert()
 9 SYSTEMPATH\CodeIgniter.php(896): App\Controllers\Cadastros->inserir()
10 SYSTEMPATH\CodeIgniter.php(466): CodeIgniter\CodeIgniter->runController(Object(App\Controllers\Cadastros))
11 SYSTEMPATH\CodeIgniter.php(349): CodeIgniter\CodeIgniter->handleRequest(null, Object(Config\Cache), false)
12 FCPATH\index.php(55): CodeIgniter\CodeIgniter->run()
ERROR - 2022-11-09 13:57:02 --> Column 'telefone' cannot be null
CRITICAL - 2022-11-09 13:57:02 --> Column 'telefone' cannot be null
in SYSTEMPATH\Database\MySQLi\Connection.php on line 292.
 1 SYSTEMPATH\Database\MySQLi\Connection.php(292): mysqli->query('INSERT INTO `cadastro` (`nome`, `telefone`, `email`) VALUES (\'Lucas de Luca Leocadio\', NULL, \'lucasdeluca007@gmail.com\')', 0)
 2 SYSTEMPATH\Database\BaseConnection.php(695): CodeIgniter\Database\MySQLi\Connection->execute('INSERT INTO `cadastro` (`nome`, `telefone`, `email`) VALUES (\'Lucas de Luca Leocadio\', NULL, \'lucasdeluca007@gmail.com\')')
 3 SYSTEMPATH\Database\BaseConnection.php(609): CodeIgniter\Database\BaseConnection->simpleQuery('INSERT INTO `cadastro` (`nome`, `telefone`, `email`) VALUES (\'Lucas de Luca Leocadio\', NULL, \'lucasdeluca007@gmail.com\')')
 4 SYSTEMPATH\Database\BaseBuilder.php(1904): CodeIgniter\Database\BaseConnection->query('INSERT INTO `cadastro` (`nome`, `telefone`, `email`) VALUES (:nome:, :telefone:, :email:)', [...], false)
 5 SYSTEMPATH\Model.php(278): CodeIgniter\Database\BaseBuilder->insert()
 6 SYSTEMPATH\BaseModel.php(738): CodeIgniter\Model->doInsert([...])
 7 SYSTEMPATH\Model.php(666): CodeIgniter\BaseModel->insert([...], true)
 8 APPPATH\Controllers\Cadastros.php(30): CodeIgniter\Model->insert()
 9 SYSTEMPATH\CodeIgniter.php(896): App\Controllers\Cadastros->inserir()
10 SYSTEMPATH\CodeIgniter.php(466): CodeIgniter\CodeIgniter->runController(Object(App\Controllers\Cadastros))
11 SYSTEMPATH\CodeIgniter.php(349): CodeIgniter\CodeIgniter->handleRequest(null, Object(Config\Cache), false)
12 FCPATH\index.php(55): CodeIgniter\CodeIgniter->run()
ERROR - 2022-11-09 13:57:22 --> Column 'telefone' cannot be null
CRITICAL - 2022-11-09 13:57:22 --> Column 'telefone' cannot be null
in SYSTEMPATH\Database\MySQLi\Connection.php on line 292.
 1 SYSTEMPATH\Database\MySQLi\Connection.php(292): mysqli->query('INSERT INTO `cadastro` (`nome`, `telefone`, `email`) VALUES (\'Lucas de Luca Leocadio\', NULL, \'lucasdeluca007@gmail.com\')', 0)
 2 SYSTEMPATH\Database\BaseConnection.php(695): CodeIgniter\Database\MySQLi\Connection->execute('INSERT INTO `cadastro` (`nome`, `telefone`, `email`) VALUES (\'Lucas de Luca Leocadio\', NULL, \'lucasdeluca007@gmail.com\')')
 3 SYSTEMPATH\Database\BaseConnection.php(609): CodeIgniter\Database\BaseConnection->simpleQuery('INSERT INTO `cadastro` (`nome`, `telefone`, `email`) VALUES (\'Lucas de Luca Leocadio\', NULL, \'lucasdeluca007@gmail.com\')')
 4 SYSTEMPATH\Database\BaseBuilder.php(1904): CodeIgniter\Database\BaseConnection->query('INSERT INTO `cadastro` (`nome`, `telefone`, `email`) VALUES (:nome:, :telefone:, :email:)', [...], false)
 5 SYSTEMPATH\Model.php(278): CodeIgniter\Database\BaseBuilder->insert()
 6 SYSTEMPATH\BaseModel.php(738): CodeIgniter\Model->doInsert([...])
 7 SYSTEMPATH\Model.php(666): CodeIgniter\BaseModel->insert([...], true)
 8 APPPATH\Controllers\Cadastros.php(30): CodeIgniter\Model->insert()
 9 SYSTEMPATH\CodeIgniter.php(896): App\Controllers\Cadastros->inserir()
10 SYSTEMPATH\CodeIgniter.php(466): CodeIgniter\CodeIgniter->runController(Object(App\Controllers\Cadastros))
11 SYSTEMPATH\CodeIgniter.php(349): CodeIgniter\CodeIgniter->handleRequest(null, Object(Config\Cache), false)
12 FCPATH\index.php(55): CodeIgniter\CodeIgniter->run()
ERROR - 2022-11-09 13:57:25 --> Column 'telefone' cannot be null
CRITICAL - 2022-11-09 13:57:25 --> Column 'telefone' cannot be null
in SYSTEMPATH\Database\MySQLi\Connection.php on line 292.
 1 SYSTEMPATH\Database\MySQLi\Connection.php(292): mysqli->query('INSERT INTO `cadastro` (`nome`, `telefone`, `email`) VALUES (\'Lucas de Luca Leocadio\', NULL, \'lucasdeluca007@gmail.com\')', 0)
 2 SYSTEMPATH\Database\BaseConnection.php(695): CodeIgniter\Database\MySQLi\Connection->execute('INSERT INTO `cadastro` (`nome`, `telefone`, `email`) VALUES (\'Lucas de Luca Leocadio\', NULL, \'lucasdeluca007@gmail.com\')')
 3 SYSTEMPATH\Database\BaseConnection.php(609): CodeIgniter\Database\BaseConnection->simpleQuery('INSERT INTO `cadastro` (`nome`, `telefone`, `email`) VALUES (\'Lucas de Luca Leocadio\', NULL, \'lucasdeluca007@gmail.com\')')
 4 SYSTEMPATH\Database\BaseBuilder.php(1904): CodeIgniter\Database\BaseConnection->query('INSERT INTO `cadastro` (`nome`, `telefone`, `email`) VALUES (:nome:, :telefone:, :email:)', [...], false)
 5 SYSTEMPATH\Model.php(278): CodeIgniter\Database\BaseBuilder->insert()
 6 SYSTEMPATH\BaseModel.php(738): CodeIgniter\Model->doInsert([...])
 7 SYSTEMPATH\Model.php(666): CodeIgniter\BaseModel->insert([...], true)
 8 APPPATH\Controllers\Cadastros.php(30): CodeIgniter\Model->insert()
 9 SYSTEMPATH\CodeIgniter.php(896): App\Controllers\Cadastros->inserir()
10 SYSTEMPATH\CodeIgniter.php(466): CodeIgniter\CodeIgniter->runController(Object(App\Controllers\Cadastros))
11 SYSTEMPATH\CodeIgniter.php(349): CodeIgniter\CodeIgniter->handleRequest(null, Object(Config\Cache), false)
12 FCPATH\index.php(55): CodeIgniter\CodeIgniter->run()
ERROR - 2022-11-09 13:57:28 --> Column 'telefone' cannot be null
CRITICAL - 2022-11-09 13:57:28 --> Column 'telefone' cannot be null
in SYSTEMPATH\Database\MySQLi\Connection.php on line 292.
 1 SYSTEMPATH\Database\MySQLi\Connection.php(292): mysqli->query('INSERT INTO `cadastro` (`nome`, `telefone`, `email`) VALUES (\'Lucas de Luca Leocadio\', NULL, \'lucasdeluca007@gmail.com\')', 0)
 2 SYSTEMPATH\Database\BaseConnection.php(695): CodeIgniter\Database\MySQLi\Connection->execute('INSERT INTO `cadastro` (`nome`, `telefone`, `email`) VALUES (\'Lucas de Luca Leocadio\', NULL, \'lucasdeluca007@gmail.com\')')
 3 SYSTEMPATH\Database\BaseConnection.php(609): CodeIgniter\Database\BaseConnection->simpleQuery('INSERT INTO `cadastro` (`nome`, `telefone`, `email`) VALUES (\'Lucas de Luca Leocadio\', NULL, \'lucasdeluca007@gmail.com\')')
 4 SYSTEMPATH\Database\BaseBuilder.php(1904): CodeIgniter\Database\BaseConnection->query('INSERT INTO `cadastro` (`nome`, `telefone`, `email`) VALUES (:nome:, :telefone:, :email:)', [...], false)
 5 SYSTEMPATH\Model.php(278): CodeIgniter\Database\BaseBuilder->insert()
 6 SYSTEMPATH\BaseModel.php(738): CodeIgniter\Model->doInsert([...])
 7 SYSTEMPATH\Model.php(666): CodeIgniter\BaseModel->insert([...], true)
 8 APPPATH\Controllers\Cadastros.php(30): CodeIgniter\Model->insert()
 9 SYSTEMPATH\CodeIgniter.php(896): App\Controllers\Cadastros->inserir()
10 SYSTEMPATH\CodeIgniter.php(466): CodeIgniter\CodeIgniter->runController(Object(App\Controllers\Cadastros))
11 SYSTEMPATH\CodeIgniter.php(349): CodeIgniter\CodeIgniter->handleRequest(null, Object(Config\Cache), false)
12 FCPATH\index.php(55): CodeIgniter\CodeIgniter->run()
ERROR - 2022-11-09 13:58:13 --> Column 'telefone' cannot be null
CRITICAL - 2022-11-09 13:58:13 --> Column 'telefone' cannot be null
in SYSTEMPATH\Database\MySQLi\Connection.php on line 292.
 1 SYSTEMPATH\Database\MySQLi\Connection.php(292): mysqli->query('INSERT INTO `cadastro` (`nome`, `telefone`, `email`) VALUES (\'mendonça\', NULL, \'mendonca@gmail.com\')', 0)
 2 SYSTEMPATH\Database\BaseConnection.php(695): CodeIgniter\Database\MySQLi\Connection->execute('INSERT INTO `cadastro` (`nome`, `telefone`, `email`) VALUES (\'mendonça\', NULL, \'mendonca@gmail.com\')')
 3 SYSTEMPATH\Database\BaseConnection.php(609): CodeIgniter\Database\BaseConnection->simpleQuery('INSERT INTO `cadastro` (`nome`, `telefone`, `email`) VALUES (\'mendonça\', NULL, \'mendonca@gmail.com\')')
 4 SYSTEMPATH\Database\BaseBuilder.php(1904): CodeIgniter\Database\BaseConnection->query('INSERT INTO `cadastro` (`nome`, `telefone`, `email`) VALUES (:nome:, :telefone:, :email:)', [...], false)
 5 SYSTEMPATH\Model.php(278): CodeIgniter\Database\BaseBuilder->insert()
 6 SYSTEMPATH\BaseModel.php(738): CodeIgniter\Model->doInsert([...])
 7 SYSTEMPATH\Model.php(666): CodeIgniter\BaseModel->insert([...], true)
 8 APPPATH\Controllers\Cadastros.php(30): CodeIgniter\Model->insert()
 9 SYSTEMPATH\CodeIgniter.php(896): App\Controllers\Cadastros->inserir()
10 SYSTEMPATH\CodeIgniter.php(466): CodeIgniter\CodeIgniter->runController(Object(App\Controllers\Cadastros))
11 SYSTEMPATH\CodeIgniter.php(349): CodeIgniter\CodeIgniter->handleRequest(null, Object(Config\Cache), false)
12 FCPATH\index.php(55): CodeIgniter\CodeIgniter->run()
ERROR - 2022-11-09 13:58:29 --> Column 'telefone' cannot be null
CRITICAL - 2022-11-09 13:58:29 --> Column 'telefone' cannot be null
in SYSTEMPATH\Database\MySQLi\Connection.php on line 292.
 1 SYSTEMPATH\Database\MySQLi\Connection.php(292): mysqli->query('INSERT INTO `cadastro` (`nome`, `telefone`, `email`) VALUES (\'mendonça\', NULL, \'mendonca@gmail.com\')', 0)
 2 SYSTEMPATH\Database\BaseConnection.php(695): CodeIgniter\Database\MySQLi\Connection->execute('INSERT INTO `cadastro` (`nome`, `telefone`, `email`) VALUES (\'mendonça\', NULL, \'mendonca@gmail.com\')')
 3 SYSTEMPATH\Database\BaseConnection.php(609): CodeIgniter\Database\BaseConnection->simpleQuery('INSERT INTO `cadastro` (`nome`, `telefone`, `email`) VALUES (\'mendonça\', NULL, \'mendonca@gmail.com\')')
 4 SYSTEMPATH\Database\BaseBuilder.php(1904): CodeIgniter\Database\BaseConnection->query('INSERT INTO `cadastro` (`nome`, `telefone`, `email`) VALUES (:nome:, :telefone:, :email:)', [...], false)
 5 SYSTEMPATH\Model.php(278): CodeIgniter\Database\BaseBuilder->insert()
 6 SYSTEMPATH\BaseModel.php(738): CodeIgniter\Model->doInsert([...])
 7 SYSTEMPATH\Model.php(666): CodeIgniter\BaseModel->insert([...], true)
 8 APPPATH\Controllers\Cadastros.php(30): CodeIgniter\Model->insert()
 9 SYSTEMPATH\CodeIgniter.php(896): App\Controllers\Cadastros->inserir()
10 SYSTEMPATH\CodeIgniter.php(466): CodeIgniter\CodeIgniter->runController(Object(App\Controllers\Cadastros))
11 SYSTEMPATH\CodeIgniter.php(349): CodeIgniter\CodeIgniter->handleRequest(null, Object(Config\Cache), false)
12 FCPATH\index.php(55): CodeIgniter\CodeIgniter->run()
ERROR - 2022-11-09 13:58:38 --> Column 'telefone' cannot be null
CRITICAL - 2022-11-09 13:58:38 --> Column 'telefone' cannot be null
in SYSTEMPATH\Database\MySQLi\Connection.php on line 292.
 1 SYSTEMPATH\Database\MySQLi\Connection.php(292): mysqli->query('INSERT INTO `cadastro` (`nome`, `telefone`, `email`) VALUES (\'mendonça\', NULL, \'mendonca@gmail.com\')', 0)
 2 SYSTEMPATH\Database\BaseConnection.php(695): CodeIgniter\Database\MySQLi\Connection->execute('INSERT INTO `cadastro` (`nome`, `telefone`, `email`) VALUES (\'mendonça\', NULL, \'mendonca@gmail.com\')')
 3 SYSTEMPATH\Database\BaseConnection.php(609): CodeIgniter\Database\BaseConnection->simpleQuery('INSERT INTO `cadastro` (`nome`, `telefone`, `email`) VALUES (\'mendonça\', NULL, \'mendonca@gmail.com\')')
 4 SYSTEMPATH\Database\BaseBuilder.php(1904): CodeIgniter\Database\BaseConnection->query('INSERT INTO `cadastro` (`nome`, `telefone`, `email`) VALUES (:nome:, :telefone:, :email:)', [...], false)
 5 SYSTEMPATH\Model.php(278): CodeIgniter\Database\BaseBuilder->insert()
 6 SYSTEMPATH\BaseModel.php(738): CodeIgniter\Model->doInsert([...])
 7 SYSTEMPATH\Model.php(666): CodeIgniter\BaseModel->insert([...], true)
 8 APPPATH\Controllers\Cadastros.php(30): CodeIgniter\Model->insert()
 9 SYSTEMPATH\CodeIgniter.php(896): App\Controllers\Cadastros->inserir()
10 SYSTEMPATH\CodeIgniter.php(466): CodeIgniter\CodeIgniter->runController(Object(App\Controllers\Cadastros))
11 SYSTEMPATH\CodeIgniter.php(349): CodeIgniter\CodeIgniter->handleRequest(null, Object(Config\Cache), false)
12 FCPATH\index.php(55): CodeIgniter\CodeIgniter->run()
ERROR - 2022-11-09 13:59:11 --> Column 'telefone' cannot be null
CRITICAL - 2022-11-09 13:59:11 --> Column 'telefone' cannot be null
in SYSTEMPATH\Database\MySQLi\Connection.php on line 292.
 1 SYSTEMPATH\Database\MySQLi\Connection.php(292): mysqli->query('INSERT INTO `cadastro` (`nome`, `telefone`, `email`) VALUES (\'mendonça\', NULL, \'mendonca@gmail.com\')', 0)
 2 SYSTEMPATH\Database\BaseConnection.php(695): CodeIgniter\Database\MySQLi\Connection->execute('INSERT INTO `cadastro` (`nome`, `telefone`, `email`) VALUES (\'mendonça\', NULL, \'mendonca@gmail.com\')')
 3 SYSTEMPATH\Database\BaseConnection.php(609): CodeIgniter\Database\BaseConnection->simpleQuery('INSERT INTO `cadastro` (`nome`, `telefone`, `email`) VALUES (\'mendonça\', NULL, \'mendonca@gmail.com\')')
 4 SYSTEMPATH\Database\BaseBuilder.php(1904): CodeIgniter\Database\BaseConnection->query('INSERT INTO `cadastro` (`nome`, `telefone`, `email`) VALUES (:nome:, :telefone:, :email:)', [...], false)
 5 SYSTEMPATH\Model.php(278): CodeIgniter\Database\BaseBuilder->insert()
 6 SYSTEMPATH\BaseModel.php(738): CodeIgniter\Model->doInsert([...])
 7 SYSTEMPATH\Model.php(666): CodeIgniter\BaseModel->insert([...], true)
 8 APPPATH\Controllers\Cadastros.php(30): CodeIgniter\Model->insert()
 9 SYSTEMPATH\CodeIgniter.php(896): App\Controllers\Cadastros->inserir()
10 SYSTEMPATH\CodeIgniter.php(466): CodeIgniter\CodeIgniter->runController(Object(App\Controllers\Cadastros))
11 SYSTEMPATH\CodeIgniter.php(349): CodeIgniter\CodeIgniter->handleRequest(null, Object(Config\Cache), false)
12 FCPATH\index.php(55): CodeIgniter\CodeIgniter->run()
ERROR - 2022-11-09 13:59:25 --> Column 'telefone' cannot be null
CRITICAL - 2022-11-09 13:59:25 --> Column 'telefone' cannot be null
in SYSTEMPATH\Database\MySQLi\Connection.php on line 292.
 1 SYSTEMPATH\Database\MySQLi\Connection.php(292): mysqli->query('INSERT INTO `cadastro` (`nome`, `telefone`, `email`) VALUES (\'mendonça\', NULL, \'mendonca@gmail.com\')', 0)
 2 SYSTEMPATH\Database\BaseConnection.php(695): CodeIgniter\Database\MySQLi\Connection->execute('INSERT INTO `cadastro` (`nome`, `telefone`, `email`) VALUES (\'mendonça\', NULL, \'mendonca@gmail.com\')')
 3 SYSTEMPATH\Database\BaseConnection.php(609): CodeIgniter\Database\BaseConnection->simpleQuery('INSERT INTO `cadastro` (`nome`, `telefone`, `email`) VALUES (\'mendonça\', NULL, \'mendonca@gmail.com\')')
 4 SYSTEMPATH\Database\BaseBuilder.php(1904): CodeIgniter\Database\BaseConnection->query('INSERT INTO `cadastro` (`nome`, `telefone`, `email`) VALUES (:nome:, :telefone:, :email:)', [...], false)
 5 SYSTEMPATH\Model.php(278): CodeIgniter\Database\BaseBuilder->insert()
 6 SYSTEMPATH\BaseModel.php(738): CodeIgniter\Model->doInsert([...])
 7 SYSTEMPATH\Model.php(666): CodeIgniter\BaseModel->insert([...], true)
 8 APPPATH\Controllers\Cadastros.php(30): CodeIgniter\Model->insert()
 9 SYSTEMPATH\CodeIgniter.php(896): App\Controllers\Cadastros->inserir()
10 SYSTEMPATH\CodeIgniter.php(466): CodeIgniter\CodeIgniter->runController(Object(App\Controllers\Cadastros))
11 SYSTEMPATH\CodeIgniter.php(349): CodeIgniter\CodeIgniter->handleRequest(null, Object(Config\Cache), false)
12 FCPATH\index.php(55): CodeIgniter\CodeIgniter->run()
ERROR - 2022-11-09 13:59:48 --> Column 'telefone' cannot be null
CRITICAL - 2022-11-09 13:59:48 --> Column 'telefone' cannot be null
in SYSTEMPATH\Database\MySQLi\Connection.php on line 292.
 1 SYSTEMPATH\Database\MySQLi\Connection.php(292): mysqli->query('INSERT INTO `cadastro` (`nome`, `telefone`, `email`) VALUES (\'Lucas de Luca Leocadio\', NULL, \'lucasdeluca007@gmail.com\')', 0)
 2 SYSTEMPATH\Database\BaseConnection.php(695): CodeIgniter\Database\MySQLi\Connection->execute('INSERT INTO `cadastro` (`nome`, `telefone`, `email`) VALUES (\'Lucas de Luca Leocadio\', NULL, \'lucasdeluca007@gmail.com\')')
 3 SYSTEMPATH\Database\BaseConnection.php(609): CodeIgniter\Database\BaseConnection->simpleQuery('INSERT INTO `cadastro` (`nome`, `telefone`, `email`) VALUES (\'Lucas de Luca Leocadio\', NULL, \'lucasdeluca007@gmail.com\')')
 4 SYSTEMPATH\Database\BaseBuilder.php(1904): CodeIgniter\Database\BaseConnection->query('INSERT INTO `cadastro` (`nome`, `telefone`, `email`) VALUES (:nome:, :telefone:, :email:)', [...], false)
 5 SYSTEMPATH\Model.php(278): CodeIgniter\Database\BaseBuilder->insert()
 6 SYSTEMPATH\BaseModel.php(738): CodeIgniter\Model->doInsert([...])
 7 SYSTEMPATH\Model.php(666): CodeIgniter\BaseModel->insert([...], true)
 8 APPPATH\Controllers\Cadastros.php(30): CodeIgniter\Model->insert()
 9 SYSTEMPATH\CodeIgniter.php(896): App\Controllers\Cadastros->inserir()
10 SYSTEMPATH\CodeIgniter.php(466): CodeIgniter\CodeIgniter->runController(Object(App\Controllers\Cadastros))
11 SYSTEMPATH\CodeIgniter.php(349): CodeIgniter\CodeIgniter->handleRequest(null, Object(Config\Cache), false)
12 FCPATH\index.php(55): CodeIgniter\CodeIgniter->run()
ERROR - 2022-11-09 13:59:51 --> Column 'telefone' cannot be null
CRITICAL - 2022-11-09 13:59:51 --> Column 'telefone' cannot be null
in SYSTEMPATH\Database\MySQLi\Connection.php on line 292.
 1 SYSTEMPATH\Database\MySQLi\Connection.php(292): mysqli->query('INSERT INTO `cadastro` (`nome`, `telefone`, `email`) VALUES (\'Lucas de Luca Leocadio\', NULL, \'lucasdeluca007@gmail.com\')', 0)
 2 SYSTEMPATH\Database\BaseConnection.php(695): CodeIgniter\Database\MySQLi\Connection->execute('INSERT INTO `cadastro` (`nome`, `telefone`, `email`) VALUES (\'Lucas de Luca Leocadio\', NULL, \'lucasdeluca007@gmail.com\')')
 3 SYSTEMPATH\Database\BaseConnection.php(609): CodeIgniter\Database\BaseConnection->simpleQuery('INSERT INTO `cadastro` (`nome`, `telefone`, `email`) VALUES (\'Lucas de Luca Leocadio\', NULL, \'lucasdeluca007@gmail.com\')')
 4 SYSTEMPATH\Database\BaseBuilder.php(1904): CodeIgniter\Database\BaseConnection->query('INSERT INTO `cadastro` (`nome`, `telefone`, `email`) VALUES (:nome:, :telefone:, :email:)', [...], false)
 5 SYSTEMPATH\Model.php(278): CodeIgniter\Database\BaseBuilder->insert()
 6 SYSTEMPATH\BaseModel.php(738): CodeIgniter\Model->doInsert([...])
 7 SYSTEMPATH\Model.php(666): CodeIgniter\BaseModel->insert([...], true)
 8 APPPATH\Controllers\Cadastros.php(30): CodeIgniter\Model->insert()
 9 SYSTEMPATH\CodeIgniter.php(896): App\Controllers\Cadastros->inserir()
10 SYSTEMPATH\CodeIgniter.php(466): CodeIgniter\CodeIgniter->runController(Object(App\Controllers\Cadastros))
11 SYSTEMPATH\CodeIgniter.php(349): CodeIgniter\CodeIgniter->handleRequest(null, Object(Config\Cache), false)
12 FCPATH\index.php(55): CodeIgniter\CodeIgniter->run()
ERROR - 2022-11-09 14:00:45 --> Column 'telefone' cannot be null
CRITICAL - 2022-11-09 14:00:45 --> Column 'telefone' cannot be null
in SYSTEMPATH\Database\MySQLi\Connection.php on line 292.
 1 SYSTEMPATH\Database\MySQLi\Connection.php(292): mysqli->query('INSERT INTO `cadastro` (`nome`, `telefone`, `email`) VALUES (\'Lucas de Luca Leocadio\', NULL, \'lucasdeluca007@gmail.com\')', 0)
 2 SYSTEMPATH\Database\BaseConnection.php(695): CodeIgniter\Database\MySQLi\Connection->execute('INSERT INTO `cadastro` (`nome`, `telefone`, `email`) VALUES (\'Lucas de Luca Leocadio\', NULL, \'lucasdeluca007@gmail.com\')')
 3 SYSTEMPATH\Database\BaseConnection.php(609): CodeIgniter\Database\BaseConnection->simpleQuery('INSERT INTO `cadastro` (`nome`, `telefone`, `email`) VALUES (\'Lucas de Luca Leocadio\', NULL, \'lucasdeluca007@gmail.com\')')
 4 SYSTEMPATH\Database\BaseBuilder.php(1904): CodeIgniter\Database\BaseConnection->query('INSERT INTO `cadastro` (`nome`, `telefone`, `email`) VALUES (:nome:, :telefone:, :email:)', [...], false)
 5 SYSTEMPATH\Model.php(278): CodeIgniter\Database\BaseBuilder->insert()
 6 SYSTEMPATH\BaseModel.php(738): CodeIgniter\Model->doInsert([...])
 7 SYSTEMPATH\Model.php(666): CodeIgniter\BaseModel->insert([...], true)
 8 APPPATH\Controllers\Cadastros.php(30): CodeIgniter\Model->insert()
 9 SYSTEMPATH\CodeIgniter.php(896): App\Controllers\Cadastros->inserir()
10 SYSTEMPATH\CodeIgniter.php(466): CodeIgniter\CodeIgniter->runController(Object(App\Controllers\Cadastros))
11 SYSTEMPATH\CodeIgniter.php(349): CodeIgniter\CodeIgniter->handleRequest(null, Object(Config\Cache), false)
12 FCPATH\index.php(55): CodeIgniter\CodeIgniter->run()
ERROR - 2022-11-09 14:00:52 --> Column 'telefone' cannot be null
CRITICAL - 2022-11-09 14:00:52 --> Column 'telefone' cannot be null
in SYSTEMPATH\Database\MySQLi\Connection.php on line 292.
 1 SYSTEMPATH\Database\MySQLi\Connection.php(292): mysqli->query('INSERT INTO `cadastro` (`nome`, `telefone`, `email`) VALUES (\'Lucas de Luca Leocadio\', NULL, \'lucasdeluca007@gmail.com\')', 0)
 2 SYSTEMPATH\Database\BaseConnection.php(695): CodeIgniter\Database\MySQLi\Connection->execute('INSERT INTO `cadastro` (`nome`, `telefone`, `email`) VALUES (\'Lucas de Luca Leocadio\', NULL, \'lucasdeluca007@gmail.com\')')
 3 SYSTEMPATH\Database\BaseConnection.php(609): CodeIgniter\Database\BaseConnection->simpleQuery('INSERT INTO `cadastro` (`nome`, `telefone`, `email`) VALUES (\'Lucas de Luca Leocadio\', NULL, \'lucasdeluca007@gmail.com\')')
 4 SYSTEMPATH\Database\BaseBuilder.php(1904): CodeIgniter\Database\BaseConnection->query('INSERT INTO `cadastro` (`nome`, `telefone`, `email`) VALUES (:nome:, :telefone:, :email:)', [...], false)
 5 SYSTEMPATH\Model.php(278): CodeIgniter\Database\BaseBuilder->insert()
 6 SYSTEMPATH\BaseModel.php(738): CodeIgniter\Model->doInsert([...])
 7 SYSTEMPATH\Model.php(666): CodeIgniter\BaseModel->insert([...], true)
 8 APPPATH\Controllers\Cadastros.php(30): CodeIgniter\Model->insert()
 9 SYSTEMPATH\CodeIgniter.php(896): App\Controllers\Cadastros->inserir()
10 SYSTEMPATH\CodeIgniter.php(466): CodeIgniter\CodeIgniter->runController(Object(App\Controllers\Cadastros))
11 SYSTEMPATH\CodeIgniter.php(349): CodeIgniter\CodeIgniter->handleRequest(null, Object(Config\Cache), false)
12 FCPATH\index.php(55): CodeIgniter\CodeIgniter->run()
ERROR - 2022-11-09 14:01:23 --> Column 'telefone' cannot be null
CRITICAL - 2022-11-09 14:01:23 --> Column 'telefone' cannot be null
in SYSTEMPATH\Database\MySQLi\Connection.php on line 292.
 1 SYSTEMPATH\Database\MySQLi\Connection.php(292): mysqli->query('INSERT INTO `cadastro` (`nome`, `telefone`, `email`) VALUES (\'Lucas de Luca Leocadio\', NULL, \'lucasdeluca007@gmail.com\')', 0)
 2 SYSTEMPATH\Database\BaseConnection.php(695): CodeIgniter\Database\MySQLi\Connection->execute('INSERT INTO `cadastro` (`nome`, `telefone`, `email`) VALUES (\'Lucas de Luca Leocadio\', NULL, \'lucasdeluca007@gmail.com\')')
 3 SYSTEMPATH\Database\BaseConnection.php(609): CodeIgniter\Database\BaseConnection->simpleQuery('INSERT INTO `cadastro` (`nome`, `telefone`, `email`) VALUES (\'Lucas de Luca Leocadio\', NULL, \'lucasdeluca007@gmail.com\')')
 4 SYSTEMPATH\Database\BaseBuilder.php(1904): CodeIgniter\Database\BaseConnection->query('INSERT INTO `cadastro` (`nome`, `telefone`, `email`) VALUES (:nome:, :telefone:, :email:)', [...], false)
 5 SYSTEMPATH\Model.php(278): CodeIgniter\Database\BaseBuilder->insert()
 6 SYSTEMPATH\BaseModel.php(738): CodeIgniter\Model->doInsert([...])
 7 SYSTEMPATH\Model.php(666): CodeIgniter\BaseModel->insert([...], true)
 8 APPPATH\Controllers\Cadastros.php(30): CodeIgniter\Model->insert()
 9 SYSTEMPATH\CodeIgniter.php(896): App\Controllers\Cadastros->inserir()
10 SYSTEMPATH\CodeIgniter.php(466): CodeIgniter\CodeIgniter->runController(Object(App\Controllers\Cadastros))
11 SYSTEMPATH\CodeIgniter.php(349): CodeIgniter\CodeIgniter->handleRequest(null, Object(Config\Cache), false)
12 FCPATH\index.php(55): CodeIgniter\CodeIgniter->run()
ERROR - 2022-11-09 14:01:34 --> Column 'telefone' cannot be null
CRITICAL - 2022-11-09 14:01:34 --> Column 'telefone' cannot be null
in SYSTEMPATH\Database\MySQLi\Connection.php on line 292.
 1 SYSTEMPATH\Database\MySQLi\Connection.php(292): mysqli->query('INSERT INTO `cadastro` (`nome`, `telefone`, `email`) VALUES (\'Lucas de Luca Leocadio\', NULL, \'lucasdeluca007@gmail.com\')', 0)
 2 SYSTEMPATH\Database\BaseConnection.php(695): CodeIgniter\Database\MySQLi\Connection->execute('INSERT INTO `cadastro` (`nome`, `telefone`, `email`) VALUES (\'Lucas de Luca Leocadio\', NULL, \'lucasdeluca007@gmail.com\')')
 3 SYSTEMPATH\Database\BaseConnection.php(609): CodeIgniter\Database\BaseConnection->simpleQuery('INSERT INTO `cadastro` (`nome`, `telefone`, `email`) VALUES (\'Lucas de Luca Leocadio\', NULL, \'lucasdeluca007@gmail.com\')')
 4 SYSTEMPATH\Database\BaseBuilder.php(1904): CodeIgniter\Database\BaseConnection->query('INSERT INTO `cadastro` (`nome`, `telefone`, `email`) VALUES (:nome:, :telefone:, :email:)', [...], false)
 5 SYSTEMPATH\Model.php(278): CodeIgniter\Database\BaseBuilder->insert()
 6 SYSTEMPATH\BaseModel.php(738): CodeIgniter\Model->doInsert([...])
 7 SYSTEMPATH\Model.php(666): CodeIgniter\BaseModel->insert([...], true)
 8 APPPATH\Controllers\Cadastros.php(30): CodeIgniter\Model->insert()
 9 SYSTEMPATH\CodeIgniter.php(896): App\Controllers\Cadastros->inserir()
10 SYSTEMPATH\CodeIgniter.php(466): CodeIgniter\CodeIgniter->runController(Object(App\Controllers\Cadastros))
11 SYSTEMPATH\CodeIgniter.php(349): CodeIgniter\CodeIgniter->handleRequest(null, Object(Config\Cache), false)
12 FCPATH\index.php(55): CodeIgniter\CodeIgniter->run()
ERROR - 2022-11-09 14:02:28 --> Column 'telefone' cannot be null
CRITICAL - 2022-11-09 14:02:28 --> Column 'telefone' cannot be null
in SYSTEMPATH\Database\MySQLi\Connection.php on line 292.
 1 SYSTEMPATH\Database\MySQLi\Connection.php(292): mysqli->query('INSERT INTO `cadastro` (`nome`, `telefone`, `email`) VALUES (\'Lucas de Luca Leocadio\', NULL, \'lucasdeluca007@gmail.com\')', 0)
 2 SYSTEMPATH\Database\BaseConnection.php(695): CodeIgniter\Database\MySQLi\Connection->execute('INSERT INTO `cadastro` (`nome`, `telefone`, `email`) VALUES (\'Lucas de Luca Leocadio\', NULL, \'lucasdeluca007@gmail.com\')')
 3 SYSTEMPATH\Database\BaseConnection.php(609): CodeIgniter\Database\BaseConnection->simpleQuery('INSERT INTO `cadastro` (`nome`, `telefone`, `email`) VALUES (\'Lucas de Luca Leocadio\', NULL, \'lucasdeluca007@gmail.com\')')
 4 SYSTEMPATH\Database\BaseBuilder.php(1904): CodeIgniter\Database\BaseConnection->query('INSERT INTO `cadastro` (`nome`, `telefone`, `email`) VALUES (:nome:, :telefone:, :email:)', [...], false)
 5 SYSTEMPATH\Model.php(278): CodeIgniter\Database\BaseBuilder->insert()
 6 SYSTEMPATH\BaseModel.php(738): CodeIgniter\Model->doInsert([...])
 7 SYSTEMPATH\Model.php(666): CodeIgniter\BaseModel->insert([...], true)
 8 APPPATH\Controllers\Cadastros.php(30): CodeIgniter\Model->insert()
 9 SYSTEMPATH\CodeIgniter.php(896): App\Controllers\Cadastros->inserir()
10 SYSTEMPATH\CodeIgniter.php(466): CodeIgniter\CodeIgniter->runController(Object(App\Controllers\Cadastros))
11 SYSTEMPATH\CodeIgniter.php(349): CodeIgniter\CodeIgniter->handleRequest(null, Object(Config\Cache), false)
12 FCPATH\index.php(55): CodeIgniter\CodeIgniter->run()
ERROR - 2022-11-09 14:03:46 --> Column 'telefone' cannot be null
CRITICAL - 2022-11-09 14:03:46 --> Column 'telefone' cannot be null
in SYSTEMPATH\Database\MySQLi\Connection.php on line 292.
 1 SYSTEMPATH\Database\MySQLi\Connection.php(292): mysqli->query('INSERT INTO `cadastro` (`nome`, `telefone`, `email`) VALUES (\'Lucas de Luca Leocadio\', NULL, \'lucasdeluca007@gmail.com\')', 0)
 2 SYSTEMPATH\Database\BaseConnection.php(695): CodeIgniter\Database\MySQLi\Connection->execute('INSERT INTO `cadastro` (`nome`, `telefone`, `email`) VALUES (\'Lucas de Luca Leocadio\', NULL, \'lucasdeluca007@gmail.com\')')
 3 SYSTEMPATH\Database\BaseConnection.php(609): CodeIgniter\Database\BaseConnection->simpleQuery('INSERT INTO `cadastro` (`nome`, `telefone`, `email`) VALUES (\'Lucas de Luca Leocadio\', NULL, \'lucasdeluca007@gmail.com\')')
 4 SYSTEMPATH\Database\BaseBuilder.php(1904): CodeIgniter\Database\BaseConnection->query('INSERT INTO `cadastro` (`nome`, `telefone`, `email`) VALUES (:nome:, :telefone:, :email:)', [...], false)
 5 SYSTEMPATH\Model.php(278): CodeIgniter\Database\BaseBuilder->insert()
 6 SYSTEMPATH\BaseModel.php(738): CodeIgniter\Model->doInsert([...])
 7 SYSTEMPATH\Model.php(666): CodeIgniter\BaseModel->insert([...], true)
 8 APPPATH\Controllers\Cadastros.php(30): CodeIgniter\Model->insert()
 9 SYSTEMPATH\CodeIgniter.php(896): App\Controllers\Cadastros->inserir()
10 SYSTEMPATH\CodeIgniter.php(466): CodeIgniter\CodeIgniter->runController(Object(App\Controllers\Cadastros))
11 SYSTEMPATH\CodeIgniter.php(349): CodeIgniter\CodeIgniter->handleRequest(null, Object(Config\Cache), false)
12 FCPATH\index.php(55): CodeIgniter\CodeIgniter->run()
ERROR - 2022-11-09 14:04:04 --> Column 'telefone' cannot be null
CRITICAL - 2022-11-09 14:04:04 --> Column 'telefone' cannot be null
in SYSTEMPATH\Database\MySQLi\Connection.php on line 292.
 1 SYSTEMPATH\Database\MySQLi\Connection.php(292): mysqli->query('INSERT INTO `cadastro` (`nome`, `telefone`, `email`) VALUES (\'Lucas de Luca Leocadio\', NULL, \'lucasdeluca007@gmail.com\')', 0)
 2 SYSTEMPATH\Database\BaseConnection.php(695): CodeIgniter\Database\MySQLi\Connection->execute('INSERT INTO `cadastro` (`nome`, `telefone`, `email`) VALUES (\'Lucas de Luca Leocadio\', NULL, \'lucasdeluca007@gmail.com\')')
 3 SYSTEMPATH\Database\BaseConnection.php(609): CodeIgniter\Database\BaseConnection->simpleQuery('INSERT INTO `cadastro` (`nome`, `telefone`, `email`) VALUES (\'Lucas de Luca Leocadio\', NULL, \'lucasdeluca007@gmail.com\')')
 4 SYSTEMPATH\Database\BaseBuilder.php(1904): CodeIgniter\Database\BaseConnection->query('INSERT INTO `cadastro` (`nome`, `telefone`, `email`) VALUES (:nome:, :telefone:, :email:)', [...], false)
 5 SYSTEMPATH\Model.php(278): CodeIgniter\Database\BaseBuilder->insert()
 6 SYSTEMPATH\BaseModel.php(738): CodeIgniter\Model->doInsert([...])
 7 SYSTEMPATH\Model.php(666): CodeIgniter\BaseModel->insert([...], true)
 8 APPPATH\Controllers\Cadastros.php(30): CodeIgniter\Model->insert()
 9 SYSTEMPATH\CodeIgniter.php(896): App\Controllers\Cadastros->inserir()
10 SYSTEMPATH\CodeIgniter.php(466): CodeIgniter\CodeIgniter->runController(Object(App\Controllers\Cadastros))
11 SYSTEMPATH\CodeIgniter.php(349): CodeIgniter\CodeIgniter->handleRequest(null, Object(Config\Cache), false)
12 FCPATH\index.php(55): CodeIgniter\CodeIgniter->run()
CRITICAL - 2022-11-09 14:04:31 --> Invalid file: categorias_form.php
in SYSTEMPATH\Exceptions\FrameworkException.php on line 33.
 1 SYSTEMPATH\View\View.php(201): CodeIgniter\Exceptions\FrameworkException::forInvalidFile('categorias_form.php')
 2 SYSTEMPATH\Common.php(1135): CodeIgniter\View\View->render('categorias_form', [], true)
 3 APPPATH\Controllers\Cadastros.php(63): view('categorias_form', [...])
 4 SYSTEMPATH\CodeIgniter.php(896): App\Controllers\Cadastros->editar('28')
 5 SYSTEMPATH\CodeIgniter.php(466): CodeIgniter\CodeIgniter->runController(Object(App\Controllers\Cadastros))
 6 SYSTEMPATH\CodeIgniter.php(349): CodeIgniter\CodeIgniter->handleRequest(null, Object(Config\Cache), false)
 7 FCPATH\index.php(55): CodeIgniter\CodeIgniter->run()
CRITICAL - 2022-11-09 14:46:06 --> Could not check compatibility between App\Controllers\Cadastros::initController(App\Controllers\RequestInterface $request, App\Controllers\ResponseInterface $response, App\Controllers\LoggerInterface $logger) and App\Controllers\BaseController::initController(CodeIgniter\HTTP\RequestInterface $request, CodeIgniter\HTTP\ResponseInterface $response, Psr\Log\LoggerInterface $logger), because class App\Controllers\LoggerInterface is not available
in APPPATH\Controllers\Cadastros.php on line 5.
 1 APPPATH\Controllers\Cadastros.php(3): CodeIgniter\Debug\Exceptions->errorHandler(2, 'Could not check compatibility between App\\Controllers\\Cadastros::initController(App\\Controllers\\RequestInterface $request, App\\Controllers\\ResponseInterface $response, App\\Controllers\\LoggerInterface $logger) and App\\Controllers\\BaseController::initController(CodeIgniter\\HTTP\\RequestInterface $request, CodeIgniter\\HTTP\\ResponseInterface $response, Psr\\Log\\LoggerInterface $logger), because class App\\Controllers\\LoggerInterface is not available', 'APPPATH\\Controllers\\Cadastros.php', 5, [...])
 2 SYSTEMPATH\Router\AutoRouter.php(147): include_once('APPPATH\\Controllers\\Cadastros.php')
 3 SYSTEMPATH\Router\Router.php(499): CodeIgniter\Router\AutoRouter->getRoute('cadastros/excluir')
 4 SYSTEMPATH\Router\Router.php(205): CodeIgniter\Router\Router->autoRoute('cadastros/excluir')
 5 SYSTEMPATH\CodeIgniter.php(771): CodeIgniter\Router\Router->handle('cadastros/excluir')
 6 SYSTEMPATH\CodeIgniter.php(415): CodeIgniter\CodeIgniter->tryToRouteIt(Object(CodeIgniter\Router\RouteCollection))
 7 SYSTEMPATH\CodeIgniter.php(349): CodeIgniter\CodeIgniter->handleRequest(null, Object(Config\Cache), false)
 8 FCPATH\index.php(55): CodeIgniter\CodeIgniter->run()
CRITICAL - 2022-11-09 14:47:03 --> Could not check compatibility between App\Controllers\Cadastros::initController(App\Controllers\RequestInterface $request, App\Controllers\ResponseInterface $response, App\Controllers\LoggerInterface $logger) and App\Controllers\BaseController::initController(CodeIgniter\HTTP\RequestInterface $request, CodeIgniter\HTTP\ResponseInterface $response, Psr\Log\LoggerInterface $logger), because class App\Controllers\LoggerInterface is not available
in APPPATH\Controllers\Cadastros.php on line 5.
 1 APPPATH\Controllers\Cadastros.php(3): CodeIgniter\Debug\Exceptions->errorHandler(2, 'Could not check compatibility between App\\Controllers\\Cadastros::initController(App\\Controllers\\RequestInterface $request, App\\Controllers\\ResponseInterface $response, App\\Controllers\\LoggerInterface $logger) and App\\Controllers\\BaseController::initController(CodeIgniter\\HTTP\\RequestInterface $request, CodeIgniter\\HTTP\\ResponseInterface $response, Psr\\Log\\LoggerInterface $logger), because class App\\Controllers\\LoggerInterface is not available', 'APPPATH\\Controllers\\Cadastros.php', 5, [...])
 2 SYSTEMPATH\Autoloader\Autoloader.php(284): include_once('APPPATH\\Controllers\\Cadastros.php')
 3 SYSTEMPATH\Autoloader\Autoloader.php(261): CodeIgniter\Autoloader\Autoloader->includeFile('APPPATH\\Controllers\\Cadastros.php')
 4 SYSTEMPATH\Autoloader\Autoloader.php(239): CodeIgniter\Autoloader\Autoloader->loadInNamespace('App\\Controllers\\Cadastros')
 5 [internal function]: CodeIgniter\Autoloader\Autoloader->loadClass('App\\Controllers\\Cadastros')
 6 [internal function]: spl_autoload_call('App\\Controllers\\Cadastros')
 7 SYSTEMPATH\CodeIgniter.php(846): class_exists('\\App\\Controllers\\Cadastros', true)
 8 SYSTEMPATH\CodeIgniter.php(453): CodeIgniter\CodeIgniter->startController()
 9 SYSTEMPATH\CodeIgniter.php(349): CodeIgniter\CodeIgniter->handleRequest(null, Object(Config\Cache), false)
10 FCPATH\index.php(55): CodeIgniter\CodeIgniter->run()
CRITICAL - 2022-11-09 14:47:04 --> Could not check compatibility between App\Controllers\Cadastros::initController(App\Controllers\RequestInterface $request, App\Controllers\ResponseInterface $response, App\Controllers\LoggerInterface $logger) and App\Controllers\BaseController::initController(CodeIgniter\HTTP\RequestInterface $request, CodeIgniter\HTTP\ResponseInterface $response, Psr\Log\LoggerInterface $logger), because class App\Controllers\LoggerInterface is not available
in APPPATH\Controllers\Cadastros.php on line 5.
 1 APPPATH\Controllers\Cadastros.php(3): CodeIgniter\Debug\Exceptions->errorHandler(2, 'Could not check compatibility between App\\Controllers\\Cadastros::initController(App\\Controllers\\RequestInterface $request, App\\Controllers\\ResponseInterface $response, App\\Controllers\\LoggerInterface $logger) and App\\Controllers\\BaseController::initController(CodeIgniter\\HTTP\\RequestInterface $request, CodeIgniter\\HTTP\\ResponseInterface $response, Psr\\Log\\LoggerInterface $logger), because class App\\Controllers\\LoggerInterface is not available', 'APPPATH\\Controllers\\Cadastros.php', 5, [...])
 2 SYSTEMPATH\Router\AutoRouter.php(147): include_once('APPPATH\\Controllers\\Cadastros.php')
 3 SYSTEMPATH\Router\Router.php(499): CodeIgniter\Router\AutoRouter->getRoute('cadastros/editar/30')
 4 SYSTEMPATH\Router\Router.php(205): CodeIgniter\Router\Router->autoRoute('cadastros/editar/30')
 5 SYSTEMPATH\CodeIgniter.php(771): CodeIgniter\Router\Router->handle('cadastros/editar/30')
 6 SYSTEMPATH\CodeIgniter.php(415): CodeIgniter\CodeIgniter->tryToRouteIt(Object(CodeIgniter\Router\RouteCollection))
 7 SYSTEMPATH\CodeIgniter.php(349): CodeIgniter\CodeIgniter->handleRequest(null, Object(Config\Cache), false)
 8 FCPATH\index.php(55): CodeIgniter\CodeIgniter->run()
CRITICAL - 2022-11-09 14:47:07 --> Could not check compatibility between App\Controllers\Cadastros::initController(App\Controllers\RequestInterface $request, App\Controllers\ResponseInterface $response, App\Controllers\LoggerInterface $logger) and App\Controllers\BaseController::initController(CodeIgniter\HTTP\RequestInterface $request, CodeIgniter\HTTP\ResponseInterface $response, Psr\Log\LoggerInterface $logger), because class App\Controllers\LoggerInterface is not available
in APPPATH\Controllers\Cadastros.php on line 5.
 1 APPPATH\Controllers\Cadastros.php(3): CodeIgniter\Debug\Exceptions->errorHandler(2, 'Could not check compatibility between App\\Controllers\\Cadastros::initController(App\\Controllers\\RequestInterface $request, App\\Controllers\\ResponseInterface $response, App\\Controllers\\LoggerInterface $logger) and App\\Controllers\\BaseController::initController(CodeIgniter\\HTTP\\RequestInterface $request, CodeIgniter\\HTTP\\ResponseInterface $response, Psr\\Log\\LoggerInterface $logger), because class App\\Controllers\\LoggerInterface is not available', 'APPPATH\\Controllers\\Cadastros.php', 5, [...])
 2 SYSTEMPATH\Autoloader\Autoloader.php(284): include_once('APPPATH\\Controllers\\Cadastros.php')
 3 SYSTEMPATH\Autoloader\Autoloader.php(261): CodeIgniter\Autoloader\Autoloader->includeFile('APPPATH\\Controllers\\Cadastros.php')
 4 SYSTEMPATH\Autoloader\Autoloader.php(239): CodeIgniter\Autoloader\Autoloader->loadInNamespace('App\\Controllers\\Cadastros')
 5 [internal function]: CodeIgniter\Autoloader\Autoloader->loadClass('App\\Controllers\\Cadastros')
 6 [internal function]: spl_autoload_call('App\\Controllers\\Cadastros')
 7 SYSTEMPATH\CodeIgniter.php(846): class_exists('\\App\\Controllers\\Cadastros', true)
 8 SYSTEMPATH\CodeIgniter.php(453): CodeIgniter\CodeIgniter->startController()
 9 SYSTEMPATH\CodeIgniter.php(349): CodeIgniter\CodeIgniter->handleRequest(null, Object(Config\Cache), false)
10 FCPATH\index.php(55): CodeIgniter\CodeIgniter->run()
CRITICAL - 2022-11-09 14:47:07 --> Could not check compatibility between App\Controllers\Cadastros::initController(App\Controllers\RequestInterface $request, App\Controllers\ResponseInterface $response, App\Controllers\LoggerInterface $logger) and App\Controllers\BaseController::initController(CodeIgniter\HTTP\RequestInterface $request, CodeIgniter\HTTP\ResponseInterface $response, Psr\Log\LoggerInterface $logger), because class App\Controllers\LoggerInterface is not available
in APPPATH\Controllers\Cadastros.php on line 5.
 1 APPPATH\Controllers\Cadastros.php(3): CodeIgniter\Debug\Exceptions->errorHandler(2, 'Could not check compatibility between App\\Controllers\\Cadastros::initController(App\\Controllers\\RequestInterface $request, App\\Controllers\\ResponseInterface $response, App\\Controllers\\LoggerInterface $logger) and App\\Controllers\\BaseController::initController(CodeIgniter\\HTTP\\RequestInterface $request, CodeIgniter\\HTTP\\ResponseInterface $response, Psr\\Log\\LoggerInterface $logger), because class App\\Controllers\\LoggerInterface is not available', 'APPPATH\\Controllers\\Cadastros.php', 5, [...])
 2 SYSTEMPATH\Autoloader\Autoloader.php(284): include_once('APPPATH\\Controllers\\Cadastros.php')
 3 SYSTEMPATH\Autoloader\Autoloader.php(261): CodeIgniter\Autoloader\Autoloader->includeFile('APPPATH\\Controllers\\Cadastros.php')
 4 SYSTEMPATH\Autoloader\Autoloader.php(239): CodeIgniter\Autoloader\Autoloader->loadInNamespace('App\\Controllers\\Cadastros')
 5 [internal function]: CodeIgniter\Autoloader\Autoloader->loadClass('App\\Controllers\\Cadastros')
 6 [internal function]: spl_autoload_call('App\\Controllers\\Cadastros')
 7 SYSTEMPATH\CodeIgniter.php(846): class_exists('\\App\\Controllers\\Cadastros', true)
 8 SYSTEMPATH\CodeIgniter.php(453): CodeIgniter\CodeIgniter->startController()
 9 SYSTEMPATH\CodeIgniter.php(349): CodeIgniter\CodeIgniter->handleRequest(null, Object(Config\Cache), false)
10 FCPATH\index.php(55): CodeIgniter\CodeIgniter->run()
CRITICAL - 2022-11-09 14:47:07 --> Could not check compatibility between App\Controllers\Cadastros::initController(App\Controllers\RequestInterface $request, App\Controllers\ResponseInterface $response, App\Controllers\LoggerInterface $logger) and App\Controllers\BaseController::initController(CodeIgniter\HTTP\RequestInterface $request, CodeIgniter\HTTP\ResponseInterface $response, Psr\Log\LoggerInterface $logger), because class App\Controllers\LoggerInterface is not available
in APPPATH\Controllers\Cadastros.php on line 5.
 1 APPPATH\Controllers\Cadastros.php(3): CodeIgniter\Debug\Exceptions->errorHandler(2, 'Could not check compatibility between App\\Controllers\\Cadastros::initController(App\\Controllers\\RequestInterface $request, App\\Controllers\\ResponseInterface $response, App\\Controllers\\LoggerInterface $logger) and App\\Controllers\\BaseController::initController(CodeIgniter\\HTTP\\RequestInterface $request, CodeIgniter\\HTTP\\ResponseInterface $response, Psr\\Log\\LoggerInterface $logger), because class App\\Controllers\\LoggerInterface is not available', 'APPPATH\\Controllers\\Cadastros.php', 5, [...])
 2 SYSTEMPATH\Autoloader\Autoloader.php(284): include_once('APPPATH\\Controllers\\Cadastros.php')
 3 SYSTEMPATH\Autoloader\Autoloader.php(261): CodeIgniter\Autoloader\Autoloader->includeFile('APPPATH\\Controllers\\Cadastros.php')
 4 SYSTEMPATH\Autoloader\Autoloader.php(239): CodeIgniter\Autoloader\Autoloader->loadInNamespace('App\\Controllers\\Cadastros')
 5 [internal function]: CodeIgniter\Autoloader\Autoloader->loadClass('App\\Controllers\\Cadastros')
 6 [internal function]: spl_autoload_call('App\\Controllers\\Cadastros')
 7 SYSTEMPATH\CodeIgniter.php(846): class_exists('\\App\\Controllers\\Cadastros', true)
 8 SYSTEMPATH\CodeIgniter.php(453): CodeIgniter\CodeIgniter->startController()
 9 SYSTEMPATH\CodeIgniter.php(349): CodeIgniter\CodeIgniter->handleRequest(null, Object(Config\Cache), false)
10 FCPATH\index.php(55): CodeIgniter\CodeIgniter->run()
CRITICAL - 2022-11-09 14:47:08 --> Could not check compatibility between App\Controllers\Cadastros::initController(App\Controllers\RequestInterface $request, App\Controllers\ResponseInterface $response, App\Controllers\LoggerInterface $logger) and App\Controllers\BaseController::initController(CodeIgniter\HTTP\RequestInterface $request, CodeIgniter\HTTP\ResponseInterface $response, Psr\Log\LoggerInterface $logger), because class App\Controllers\LoggerInterface is not available
in APPPATH\Controllers\Cadastros.php on line 5.
 1 APPPATH\Controllers\Cadastros.php(3): CodeIgniter\Debug\Exceptions->errorHandler(2, 'Could not check compatibility between App\\Controllers\\Cadastros::initController(App\\Controllers\\RequestInterface $request, App\\Controllers\\ResponseInterface $response, App\\Controllers\\LoggerInterface $logger) and App\\Controllers\\BaseController::initController(CodeIgniter\\HTTP\\RequestInterface $request, CodeIgniter\\HTTP\\ResponseInterface $response, Psr\\Log\\LoggerInterface $logger), because class App\\Controllers\\LoggerInterface is not available', 'APPPATH\\Controllers\\Cadastros.php', 5, [...])
 2 SYSTEMPATH\Autoloader\Autoloader.php(284): include_once('APPPATH\\Controllers\\Cadastros.php')
 3 SYSTEMPATH\Autoloader\Autoloader.php(261): CodeIgniter\Autoloader\Autoloader->includeFile('APPPATH\\Controllers\\Cadastros.php')
 4 SYSTEMPATH\Autoloader\Autoloader.php(239): CodeIgniter\Autoloader\Autoloader->loadInNamespace('App\\Controllers\\Cadastros')
 5 [internal function]: CodeIgniter\Autoloader\Autoloader->loadClass('App\\Controllers\\Cadastros')
 6 [internal function]: spl_autoload_call('App\\Controllers\\Cadastros')
 7 SYSTEMPATH\CodeIgniter.php(846): class_exists('\\App\\Controllers\\Cadastros', true)
 8 SYSTEMPATH\CodeIgniter.php(453): CodeIgniter\CodeIgniter->startController()
 9 SYSTEMPATH\CodeIgniter.php(349): CodeIgniter\CodeIgniter->handleRequest(null, Object(Config\Cache), false)
10 FCPATH\index.php(55): CodeIgniter\CodeIgniter->run()
CRITICAL - 2022-11-09 14:47:08 --> Could not check compatibility between App\Controllers\Cadastros::initController(App\Controllers\RequestInterface $request, App\Controllers\ResponseInterface $response, App\Controllers\LoggerInterface $logger) and App\Controllers\BaseController::initController(CodeIgniter\HTTP\RequestInterface $request, CodeIgniter\HTTP\ResponseInterface $response, Psr\Log\LoggerInterface $logger), because class App\Controllers\LoggerInterface is not available
in APPPATH\Controllers\Cadastros.php on line 5.
 1 APPPATH\Controllers\Cadastros.php(3): CodeIgniter\Debug\Exceptions->errorHandler(2, 'Could not check compatibility between App\\Controllers\\Cadastros::initController(App\\Controllers\\RequestInterface $request, App\\Controllers\\ResponseInterface $response, App\\Controllers\\LoggerInterface $logger) and App\\Controllers\\BaseController::initController(CodeIgniter\\HTTP\\RequestInterface $request, CodeIgniter\\HTTP\\ResponseInterface $response, Psr\\Log\\LoggerInterface $logger), because class App\\Controllers\\LoggerInterface is not available', 'APPPATH\\Controllers\\Cadastros.php', 5, [...])
 2 SYSTEMPATH\Autoloader\Autoloader.php(284): include_once('APPPATH\\Controllers\\Cadastros.php')
 3 SYSTEMPATH\Autoloader\Autoloader.php(261): CodeIgniter\Autoloader\Autoloader->includeFile('APPPATH\\Controllers\\Cadastros.php')
 4 SYSTEMPATH\Autoloader\Autoloader.php(239): CodeIgniter\Autoloader\Autoloader->loadInNamespace('App\\Controllers\\Cadastros')
 5 [internal function]: CodeIgniter\Autoloader\Autoloader->loadClass('App\\Controllers\\Cadastros')
 6 [internal function]: spl_autoload_call('App\\Controllers\\Cadastros')
 7 SYSTEMPATH\CodeIgniter.php(846): class_exists('\\App\\Controllers\\Cadastros', true)
 8 SYSTEMPATH\CodeIgniter.php(453): CodeIgniter\CodeIgniter->startController()
 9 SYSTEMPATH\CodeIgniter.php(349): CodeIgniter\CodeIgniter->handleRequest(null, Object(Config\Cache), false)
10 FCPATH\index.php(55): CodeIgniter\CodeIgniter->run()
CRITICAL - 2022-11-09 14:47:08 --> Could not check compatibility between App\Controllers\Cadastros::initController(App\Controllers\RequestInterface $request, App\Controllers\ResponseInterface $response, App\Controllers\LoggerInterface $logger) and App\Controllers\BaseController::initController(CodeIgniter\HTTP\RequestInterface $request, CodeIgniter\HTTP\ResponseInterface $response, Psr\Log\LoggerInterface $logger), because class App\Controllers\LoggerInterface is not available
in APPPATH\Controllers\Cadastros.php on line 5.
 1 APPPATH\Controllers\Cadastros.php(3): CodeIgniter\Debug\Exceptions->errorHandler(2, 'Could not check compatibility between App\\Controllers\\Cadastros::initController(App\\Controllers\\RequestInterface $request, App\\Controllers\\ResponseInterface $response, App\\Controllers\\LoggerInterface $logger) and App\\Controllers\\BaseController::initController(CodeIgniter\\HTTP\\RequestInterface $request, CodeIgniter\\HTTP\\ResponseInterface $response, Psr\\Log\\LoggerInterface $logger), because class App\\Controllers\\LoggerInterface is not available', 'APPPATH\\Controllers\\Cadastros.php', 5, [...])
 2 SYSTEMPATH\Autoloader\Autoloader.php(284): include_once('APPPATH\\Controllers\\Cadastros.php')
 3 SYSTEMPATH\Autoloader\Autoloader.php(261): CodeIgniter\Autoloader\Autoloader->includeFile('APPPATH\\Controllers\\Cadastros.php')
 4 SYSTEMPATH\Autoloader\Autoloader.php(239): CodeIgniter\Autoloader\Autoloader->loadInNamespace('App\\Controllers\\Cadastros')
 5 [internal function]: CodeIgniter\Autoloader\Autoloader->loadClass('App\\Controllers\\Cadastros')
 6 [internal function]: spl_autoload_call('App\\Controllers\\Cadastros')
 7 SYSTEMPATH\CodeIgniter.php(846): class_exists('\\App\\Controllers\\Cadastros', true)
 8 SYSTEMPATH\CodeIgniter.php(453): CodeIgniter\CodeIgniter->startController()
 9 SYSTEMPATH\CodeIgniter.php(349): CodeIgniter\CodeIgniter->handleRequest(null, Object(Config\Cache), false)
10 FCPATH\index.php(55): CodeIgniter\CodeIgniter->run()
CRITICAL - 2022-11-09 14:47:08 --> Could not check compatibility between App\Controllers\Cadastros::initController(App\Controllers\RequestInterface $request, App\Controllers\ResponseInterface $response, App\Controllers\LoggerInterface $logger) and App\Controllers\BaseController::initController(CodeIgniter\HTTP\RequestInterface $request, CodeIgniter\HTTP\ResponseInterface $response, Psr\Log\LoggerInterface $logger), because class App\Controllers\LoggerInterface is not available
in APPPATH\Controllers\Cadastros.php on line 5.
 1 APPPATH\Controllers\Cadastros.php(3): CodeIgniter\Debug\Exceptions->errorHandler(2, 'Could not check compatibility between App\\Controllers\\Cadastros::initController(App\\Controllers\\RequestInterface $request, App\\Controllers\\ResponseInterface $response, App\\Controllers\\LoggerInterface $logger) and App\\Controllers\\BaseController::initController(CodeIgniter\\HTTP\\RequestInterface $request, CodeIgniter\\HTTP\\ResponseInterface $response, Psr\\Log\\LoggerInterface $logger), because class App\\Controllers\\LoggerInterface is not available', 'APPPATH\\Controllers\\Cadastros.php', 5, [...])
 2 SYSTEMPATH\Autoloader\Autoloader.php(284): include_once('APPPATH\\Controllers\\Cadastros.php')
 3 SYSTEMPATH\Autoloader\Autoloader.php(261): CodeIgniter\Autoloader\Autoloader->includeFile('APPPATH\\Controllers\\Cadastros.php')
 4 SYSTEMPATH\Autoloader\Autoloader.php(239): CodeIgniter\Autoloader\Autoloader->loadInNamespace('App\\Controllers\\Cadastros')
 5 [internal function]: CodeIgniter\Autoloader\Autoloader->loadClass('App\\Controllers\\Cadastros')
 6 [internal function]: spl_autoload_call('App\\Controllers\\Cadastros')
 7 SYSTEMPATH\CodeIgniter.php(846): class_exists('\\App\\Controllers\\Cadastros', true)
 8 SYSTEMPATH\CodeIgniter.php(453): CodeIgniter\CodeIgniter->startController()
 9 SYSTEMPATH\CodeIgniter.php(349): CodeIgniter\CodeIgniter->handleRequest(null, Object(Config\Cache), false)
10 FCPATH\index.php(55): CodeIgniter\CodeIgniter->run()
CRITICAL - 2022-11-09 14:47:09 --> Could not check compatibility between App\Controllers\Cadastros::initController(App\Controllers\RequestInterface $request, App\Controllers\ResponseInterface $response, App\Controllers\LoggerInterface $logger) and App\Controllers\BaseController::initController(CodeIgniter\HTTP\RequestInterface $request, CodeIgniter\HTTP\ResponseInterface $response, Psr\Log\LoggerInterface $logger), because class App\Controllers\LoggerInterface is not available
in APPPATH\Controllers\Cadastros.php on line 5.
 1 APPPATH\Controllers\Cadastros.php(3): CodeIgniter\Debug\Exceptions->errorHandler(2, 'Could not check compatibility between App\\Controllers\\Cadastros::initController(App\\Controllers\\RequestInterface $request, App\\Controllers\\ResponseInterface $response, App\\Controllers\\LoggerInterface $logger) and App\\Controllers\\BaseController::initController(CodeIgniter\\HTTP\\RequestInterface $request, CodeIgniter\\HTTP\\ResponseInterface $response, Psr\\Log\\LoggerInterface $logger), because class App\\Controllers\\LoggerInterface is not available', 'APPPATH\\Controllers\\Cadastros.php', 5, [...])
 2 SYSTEMPATH\Autoloader\Autoloader.php(284): include_once('APPPATH\\Controllers\\Cadastros.php')
 3 SYSTEMPATH\Autoloader\Autoloader.php(261): CodeIgniter\Autoloader\Autoloader->includeFile('APPPATH\\Controllers\\Cadastros.php')
 4 SYSTEMPATH\Autoloader\Autoloader.php(239): CodeIgniter\Autoloader\Autoloader->loadInNamespace('App\\Controllers\\Cadastros')
 5 [internal function]: CodeIgniter\Autoloader\Autoloader->loadClass('App\\Controllers\\Cadastros')
 6 [internal function]: spl_autoload_call('App\\Controllers\\Cadastros')
 7 SYSTEMPATH\CodeIgniter.php(846): class_exists('\\App\\Controllers\\Cadastros', true)
 8 SYSTEMPATH\CodeIgniter.php(453): CodeIgniter\CodeIgniter->startController()
 9 SYSTEMPATH\CodeIgniter.php(349): CodeIgniter\CodeIgniter->handleRequest(null, Object(Config\Cache), false)
10 FCPATH\index.php(55): CodeIgniter\CodeIgniter->run()
CRITICAL - 2022-11-09 14:47:09 --> Could not check compatibility between App\Controllers\Cadastros::initController(App\Controllers\RequestInterface $request, App\Controllers\ResponseInterface $response, App\Controllers\LoggerInterface $logger) and App\Controllers\BaseController::initController(CodeIgniter\HTTP\RequestInterface $request, CodeIgniter\HTTP\ResponseInterface $response, Psr\Log\LoggerInterface $logger), because class App\Controllers\LoggerInterface is not available
in APPPATH\Controllers\Cadastros.php on line 5.
 1 APPPATH\Controllers\Cadastros.php(3): CodeIgniter\Debug\Exceptions->errorHandler(2, 'Could not check compatibility between App\\Controllers\\Cadastros::initController(App\\Controllers\\RequestInterface $request, App\\Controllers\\ResponseInterface $response, App\\Controllers\\LoggerInterface $logger) and App\\Controllers\\BaseController::initController(CodeIgniter\\HTTP\\RequestInterface $request, CodeIgniter\\HTTP\\ResponseInterface $response, Psr\\Log\\LoggerInterface $logger), because class App\\Controllers\\LoggerInterface is not available', 'APPPATH\\Controllers\\Cadastros.php', 5, [...])
 2 SYSTEMPATH\Autoloader\Autoloader.php(284): include_once('APPPATH\\Controllers\\Cadastros.php')
 3 SYSTEMPATH\Autoloader\Autoloader.php(261): CodeIgniter\Autoloader\Autoloader->includeFile('APPPATH\\Controllers\\Cadastros.php')
 4 SYSTEMPATH\Autoloader\Autoloader.php(239): CodeIgniter\Autoloader\Autoloader->loadInNamespace('App\\Controllers\\Cadastros')
 5 [internal function]: CodeIgniter\Autoloader\Autoloader->loadClass('App\\Controllers\\Cadastros')
 6 [internal function]: spl_autoload_call('App\\Controllers\\Cadastros')
 7 SYSTEMPATH\CodeIgniter.php(846): class_exists('\\App\\Controllers\\Cadastros', true)
 8 SYSTEMPATH\CodeIgniter.php(453): CodeIgniter\CodeIgniter->startController()
 9 SYSTEMPATH\CodeIgniter.php(349): CodeIgniter\CodeIgniter->handleRequest(null, Object(Config\Cache), false)
10 FCPATH\index.php(55): CodeIgniter\CodeIgniter->run()
CRITICAL - 2022-11-09 14:49:00 --> Could not check compatibility between App\Controllers\Cadastros::initController(App\Controllers\RequestInterface $request, App\Controllers\ResponseInterface $response, App\Controllers\LoggerInterface $logger) and App\Controllers\BaseController::initController(CodeIgniter\HTTP\RequestInterface $request, CodeIgniter\HTTP\ResponseInterface $response, Psr\Log\LoggerInterface $logger), because class App\Controllers\LoggerInterface is not available
in APPPATH\Controllers\Cadastros.php on line 5.
 1 APPPATH\Controllers\Cadastros.php(3): CodeIgniter\Debug\Exceptions->errorHandler(2, 'Could not check compatibility between App\\Controllers\\Cadastros::initController(App\\Controllers\\RequestInterface $request, App\\Controllers\\ResponseInterface $response, App\\Controllers\\LoggerInterface $logger) and App\\Controllers\\BaseController::initController(CodeIgniter\\HTTP\\RequestInterface $request, CodeIgniter\\HTTP\\ResponseInterface $response, Psr\\Log\\LoggerInterface $logger), because class App\\Controllers\\LoggerInterface is not available', 'APPPATH\\Controllers\\Cadastros.php', 5, [...])
 2 SYSTEMPATH\Autoloader\Autoloader.php(284): include_once('APPPATH\\Controllers\\Cadastros.php')
 3 SYSTEMPATH\Autoloader\Autoloader.php(261): CodeIgniter\Autoloader\Autoloader->includeFile('APPPATH\\Controllers\\Cadastros.php')
 4 SYSTEMPATH\Autoloader\Autoloader.php(239): CodeIgniter\Autoloader\Autoloader->loadInNamespace('App\\Controllers\\Cadastros')
 5 [internal function]: CodeIgniter\Autoloader\Autoloader->loadClass('App\\Controllers\\Cadastros')
 6 [internal function]: spl_autoload_call('App\\Controllers\\Cadastros')
 7 SYSTEMPATH\CodeIgniter.php(846): class_exists('\\App\\Controllers\\Cadastros', true)
 8 SYSTEMPATH\CodeIgniter.php(453): CodeIgniter\CodeIgniter->startController()
 9 SYSTEMPATH\CodeIgniter.php(349): CodeIgniter\CodeIgniter->handleRequest(null, Object(Config\Cache), false)
10 FCPATH\index.php(55): CodeIgniter\CodeIgniter->run()
CRITICAL - 2022-11-09 14:49:01 --> Could not check compatibility between App\Controllers\Cadastros::initController(App\Controllers\RequestInterface $request, App\Controllers\ResponseInterface $response, App\Controllers\LoggerInterface $logger) and App\Controllers\BaseController::initController(CodeIgniter\HTTP\RequestInterface $request, CodeIgniter\HTTP\ResponseInterface $response, Psr\Log\LoggerInterface $logger), because class App\Controllers\LoggerInterface is not available
in APPPATH\Controllers\Cadastros.php on line 5.
 1 APPPATH\Controllers\Cadastros.php(3): CodeIgniter\Debug\Exceptions->errorHandler(2, 'Could not check compatibility between App\\Controllers\\Cadastros::initController(App\\Controllers\\RequestInterface $request, App\\Controllers\\ResponseInterface $response, App\\Controllers\\LoggerInterface $logger) and App\\Controllers\\BaseController::initController(CodeIgniter\\HTTP\\RequestInterface $request, CodeIgniter\\HTTP\\ResponseInterface $response, Psr\\Log\\LoggerInterface $logger), because class App\\Controllers\\LoggerInterface is not available', 'APPPATH\\Controllers\\Cadastros.php', 5, [...])
 2 SYSTEMPATH\Autoloader\Autoloader.php(284): include_once('APPPATH\\Controllers\\Cadastros.php')
 3 SYSTEMPATH\Autoloader\Autoloader.php(261): CodeIgniter\Autoloader\Autoloader->includeFile('APPPATH\\Controllers\\Cadastros.php')
 4 SYSTEMPATH\Autoloader\Autoloader.php(239): CodeIgniter\Autoloader\Autoloader->loadInNamespace('App\\Controllers\\Cadastros')
 5 [internal function]: CodeIgniter\Autoloader\Autoloader->loadClass('App\\Controllers\\Cadastros')
 6 [internal function]: spl_autoload_call('App\\Controllers\\Cadastros')
 7 SYSTEMPATH\CodeIgniter.php(846): class_exists('\\App\\Controllers\\Cadastros', true)
 8 SYSTEMPATH\CodeIgniter.php(453): CodeIgniter\CodeIgniter->startController()
 9 SYSTEMPATH\CodeIgniter.php(349): CodeIgniter\CodeIgniter->handleRequest(null, Object(Config\Cache), false)
10 FCPATH\index.php(55): CodeIgniter\CodeIgniter->run()
CRITICAL - 2022-11-09 14:49:01 --> Could not check compatibility between App\Controllers\Cadastros::initController(App\Controllers\RequestInterface $request, App\Controllers\ResponseInterface $response, App\Controllers\LoggerInterface $logger) and App\Controllers\BaseController::initController(CodeIgniter\HTTP\RequestInterface $request, CodeIgniter\HTTP\ResponseInterface $response, Psr\Log\LoggerInterface $logger), because class App\Controllers\LoggerInterface is not available
in APPPATH\Controllers\Cadastros.php on line 5.
 1 APPPATH\Controllers\Cadastros.php(3): CodeIgniter\Debug\Exceptions->errorHandler(2, 'Could not check compatibility between App\\Controllers\\Cadastros::initController(App\\Controllers\\RequestInterface $request, App\\Controllers\\ResponseInterface $response, App\\Controllers\\LoggerInterface $logger) and App\\Controllers\\BaseController::initController(CodeIgniter\\HTTP\\RequestInterface $request, CodeIgniter\\HTTP\\ResponseInterface $response, Psr\\Log\\LoggerInterface $logger), because class App\\Controllers\\LoggerInterface is not available', 'APPPATH\\Controllers\\Cadastros.php', 5, [...])
 2 SYSTEMPATH\Autoloader\Autoloader.php(284): include_once('APPPATH\\Controllers\\Cadastros.php')
 3 SYSTEMPATH\Autoloader\Autoloader.php(261): CodeIgniter\Autoloader\Autoloader->includeFile('APPPATH\\Controllers\\Cadastros.php')
 4 SYSTEMPATH\Autoloader\Autoloader.php(239): CodeIgniter\Autoloader\Autoloader->loadInNamespace('App\\Controllers\\Cadastros')
 5 [internal function]: CodeIgniter\Autoloader\Autoloader->loadClass('App\\Controllers\\Cadastros')
 6 [internal function]: spl_autoload_call('App\\Controllers\\Cadastros')
 7 SYSTEMPATH\CodeIgniter.php(846): class_exists('\\App\\Controllers\\Cadastros', true)
 8 SYSTEMPATH\CodeIgniter.php(453): CodeIgniter\CodeIgniter->startController()
 9 SYSTEMPATH\CodeIgniter.php(349): CodeIgniter\CodeIgniter->handleRequest(null, Object(Config\Cache), false)
10 FCPATH\index.php(55): CodeIgniter\CodeIgniter->run()
CRITICAL - 2022-11-09 14:49:01 --> Could not check compatibility between App\Controllers\Cadastros::initController(App\Controllers\RequestInterface $request, App\Controllers\ResponseInterface $response, App\Controllers\LoggerInterface $logger) and App\Controllers\BaseController::initController(CodeIgniter\HTTP\RequestInterface $request, CodeIgniter\HTTP\ResponseInterface $response, Psr\Log\LoggerInterface $logger), because class App\Controllers\LoggerInterface is not available
in APPPATH\Controllers\Cadastros.php on line 5.
 1 APPPATH\Controllers\Cadastros.php(3): CodeIgniter\Debug\Exceptions->errorHandler(2, 'Could not check compatibility between App\\Controllers\\Cadastros::initController(App\\Controllers\\RequestInterface $request, App\\Controllers\\ResponseInterface $response, App\\Controllers\\LoggerInterface $logger) and App\\Controllers\\BaseController::initController(CodeIgniter\\HTTP\\RequestInterface $request, CodeIgniter\\HTTP\\ResponseInterface $response, Psr\\Log\\LoggerInterface $logger), because class App\\Controllers\\LoggerInterface is not available', 'APPPATH\\Controllers\\Cadastros.php', 5, [...])
 2 SYSTEMPATH\Autoloader\Autoloader.php(284): include_once('APPPATH\\Controllers\\Cadastros.php')
 3 SYSTEMPATH\Autoloader\Autoloader.php(261): CodeIgniter\Autoloader\Autoloader->includeFile('APPPATH\\Controllers\\Cadastros.php')
 4 SYSTEMPATH\Autoloader\Autoloader.php(239): CodeIgniter\Autoloader\Autoloader->loadInNamespace('App\\Controllers\\Cadastros')
 5 [internal function]: CodeIgniter\Autoloader\Autoloader->loadClass('App\\Controllers\\Cadastros')
 6 [internal function]: spl_autoload_call('App\\Controllers\\Cadastros')
 7 SYSTEMPATH\CodeIgniter.php(846): class_exists('\\App\\Controllers\\Cadastros', true)
 8 SYSTEMPATH\CodeIgniter.php(453): CodeIgniter\CodeIgniter->startController()
 9 SYSTEMPATH\CodeIgniter.php(349): CodeIgniter\CodeIgniter->handleRequest(null, Object(Config\Cache), false)
10 FCPATH\index.php(55): CodeIgniter\CodeIgniter->run()
CRITICAL - 2022-11-09 14:49:02 --> Could not check compatibility between App\Controllers\Cadastros::initController(App\Controllers\RequestInterface $request, App\Controllers\ResponseInterface $response, App\Controllers\LoggerInterface $logger) and App\Controllers\BaseController::initController(CodeIgniter\HTTP\RequestInterface $request, CodeIgniter\HTTP\ResponseInterface $response, Psr\Log\LoggerInterface $logger), because class App\Controllers\LoggerInterface is not available
in APPPATH\Controllers\Cadastros.php on line 5.
 1 APPPATH\Controllers\Cadastros.php(3): CodeIgniter\Debug\Exceptions->errorHandler(2, 'Could not check compatibility between App\\Controllers\\Cadastros::initController(App\\Controllers\\RequestInterface $request, App\\Controllers\\ResponseInterface $response, App\\Controllers\\LoggerInterface $logger) and App\\Controllers\\BaseController::initController(CodeIgniter\\HTTP\\RequestInterface $request, CodeIgniter\\HTTP\\ResponseInterface $response, Psr\\Log\\LoggerInterface $logger), because class App\\Controllers\\LoggerInterface is not available', 'APPPATH\\Controllers\\Cadastros.php', 5, [...])
 2 SYSTEMPATH\Autoloader\Autoloader.php(284): include_once('APPPATH\\Controllers\\Cadastros.php')
 3 SYSTEMPATH\Autoloader\Autoloader.php(261): CodeIgniter\Autoloader\Autoloader->includeFile('APPPATH\\Controllers\\Cadastros.php')
 4 SYSTEMPATH\Autoloader\Autoloader.php(239): CodeIgniter\Autoloader\Autoloader->loadInNamespace('App\\Controllers\\Cadastros')
 5 [internal function]: CodeIgniter\Autoloader\Autoloader->loadClass('App\\Controllers\\Cadastros')
 6 [internal function]: spl_autoload_call('App\\Controllers\\Cadastros')
 7 SYSTEMPATH\CodeIgniter.php(846): class_exists('\\App\\Controllers\\Cadastros', true)
 8 SYSTEMPATH\CodeIgniter.php(453): CodeIgniter\CodeIgniter->startController()
 9 SYSTEMPATH\CodeIgniter.php(349): CodeIgniter\CodeIgniter->handleRequest(null, Object(Config\Cache), false)
10 FCPATH\index.php(55): CodeIgniter\CodeIgniter->run()
CRITICAL - 2022-11-09 14:49:02 --> Could not check compatibility between App\Controllers\Cadastros::initController(App\Controllers\RequestInterface $request, App\Controllers\ResponseInterface $response, App\Controllers\LoggerInterface $logger) and App\Controllers\BaseController::initController(CodeIgniter\HTTP\RequestInterface $request, CodeIgniter\HTTP\ResponseInterface $response, Psr\Log\LoggerInterface $logger), because class App\Controllers\LoggerInterface is not available
in APPPATH\Controllers\Cadastros.php on line 5.
 1 APPPATH\Controllers\Cadastros.php(3): CodeIgniter\Debug\Exceptions->errorHandler(2, 'Could not check compatibility between App\\Controllers\\Cadastros::initController(App\\Controllers\\RequestInterface $request, App\\Controllers\\ResponseInterface $response, App\\Controllers\\LoggerInterface $logger) and App\\Controllers\\BaseController::initController(CodeIgniter\\HTTP\\RequestInterface $request, CodeIgniter\\HTTP\\ResponseInterface $response, Psr\\Log\\LoggerInterface $logger), because class App\\Controllers\\LoggerInterface is not available', 'APPPATH\\Controllers\\Cadastros.php', 5, [...])
 2 SYSTEMPATH\Autoloader\Autoloader.php(284): include_once('APPPATH\\Controllers\\Cadastros.php')
 3 SYSTEMPATH\Autoloader\Autoloader.php(261): CodeIgniter\Autoloader\Autoloader->includeFile('APPPATH\\Controllers\\Cadastros.php')
 4 SYSTEMPATH\Autoloader\Autoloader.php(239): CodeIgniter\Autoloader\Autoloader->loadInNamespace('App\\Controllers\\Cadastros')
 5 [internal function]: CodeIgniter\Autoloader\Autoloader->loadClass('App\\Controllers\\Cadastros')
 6 [internal function]: spl_autoload_call('App\\Controllers\\Cadastros')
 7 SYSTEMPATH\CodeIgniter.php(846): class_exists('\\App\\Controllers\\Cadastros', true)
 8 SYSTEMPATH\CodeIgniter.php(453): CodeIgniter\CodeIgniter->startController()
 9 SYSTEMPATH\CodeIgniter.php(349): CodeIgniter\CodeIgniter->handleRequest(null, Object(Config\Cache), false)
10 FCPATH\index.php(55): CodeIgniter\CodeIgniter->run()
CRITICAL - 2022-11-09 14:49:02 --> Could not check compatibility between App\Controllers\Cadastros::initController(App\Controllers\RequestInterface $request, App\Controllers\ResponseInterface $response, App\Controllers\LoggerInterface $logger) and App\Controllers\BaseController::initController(CodeIgniter\HTTP\RequestInterface $request, CodeIgniter\HTTP\ResponseInterface $response, Psr\Log\LoggerInterface $logger), because class App\Controllers\LoggerInterface is not available
in APPPATH\Controllers\Cadastros.php on line 5.
 1 APPPATH\Controllers\Cadastros.php(3): CodeIgniter\Debug\Exceptions->errorHandler(2, 'Could not check compatibility between App\\Controllers\\Cadastros::initController(App\\Controllers\\RequestInterface $request, App\\Controllers\\ResponseInterface $response, App\\Controllers\\LoggerInterface $logger) and App\\Controllers\\BaseController::initController(CodeIgniter\\HTTP\\RequestInterface $request, CodeIgniter\\HTTP\\ResponseInterface $response, Psr\\Log\\LoggerInterface $logger), because class App\\Controllers\\LoggerInterface is not available', 'APPPATH\\Controllers\\Cadastros.php', 5, [...])
 2 SYSTEMPATH\Autoloader\Autoloader.php(284): include_once('APPPATH\\Controllers\\Cadastros.php')
 3 SYSTEMPATH\Autoloader\Autoloader.php(261): CodeIgniter\Autoloader\Autoloader->includeFile('APPPATH\\Controllers\\Cadastros.php')
 4 SYSTEMPATH\Autoloader\Autoloader.php(239): CodeIgniter\Autoloader\Autoloader->loadInNamespace('App\\Controllers\\Cadastros')
 5 [internal function]: CodeIgniter\Autoloader\Autoloader->loadClass('App\\Controllers\\Cadastros')
 6 [internal function]: spl_autoload_call('App\\Controllers\\Cadastros')
 7 SYSTEMPATH\CodeIgniter.php(846): class_exists('\\App\\Controllers\\Cadastros', true)
 8 SYSTEMPATH\CodeIgniter.php(453): CodeIgniter\CodeIgniter->startController()
 9 SYSTEMPATH\CodeIgniter.php(349): CodeIgniter\CodeIgniter->handleRequest(null, Object(Config\Cache), false)
10 FCPATH\index.php(55): CodeIgniter\CodeIgniter->run()
CRITICAL - 2022-11-09 14:49:02 --> Could not check compatibility between App\Controllers\Cadastros::initController(App\Controllers\RequestInterface $request, App\Controllers\ResponseInterface $response, App\Controllers\LoggerInterface $logger) and App\Controllers\BaseController::initController(CodeIgniter\HTTP\RequestInterface $request, CodeIgniter\HTTP\ResponseInterface $response, Psr\Log\LoggerInterface $logger), because class App\Controllers\LoggerInterface is not available
in APPPATH\Controllers\Cadastros.php on line 5.
 1 APPPATH\Controllers\Cadastros.php(3): CodeIgniter\Debug\Exceptions->errorHandler(2, 'Could not check compatibility between App\\Controllers\\Cadastros::initController(App\\Controllers\\RequestInterface $request, App\\Controllers\\ResponseInterface $response, App\\Controllers\\LoggerInterface $logger) and App\\Controllers\\BaseController::initController(CodeIgniter\\HTTP\\RequestInterface $request, CodeIgniter\\HTTP\\ResponseInterface $response, Psr\\Log\\LoggerInterface $logger), because class App\\Controllers\\LoggerInterface is not available', 'APPPATH\\Controllers\\Cadastros.php', 5, [...])
 2 SYSTEMPATH\Autoloader\Autoloader.php(284): include_once('APPPATH\\Controllers\\Cadastros.php')
 3 SYSTEMPATH\Autoloader\Autoloader.php(261): CodeIgniter\Autoloader\Autoloader->includeFile('APPPATH\\Controllers\\Cadastros.php')
 4 SYSTEMPATH\Autoloader\Autoloader.php(239): CodeIgniter\Autoloader\Autoloader->loadInNamespace('App\\Controllers\\Cadastros')
 5 [internal function]: CodeIgniter\Autoloader\Autoloader->loadClass('App\\Controllers\\Cadastros')
 6 [internal function]: spl_autoload_call('App\\Controllers\\Cadastros')
 7 SYSTEMPATH\CodeIgniter.php(846): class_exists('\\App\\Controllers\\Cadastros', true)
 8 SYSTEMPATH\CodeIgniter.php(453): CodeIgniter\CodeIgniter->startController()
 9 SYSTEMPATH\CodeIgniter.php(349): CodeIgniter\CodeIgniter->handleRequest(null, Object(Config\Cache), false)
10 FCPATH\index.php(55): CodeIgniter\CodeIgniter->run()
CRITICAL - 2022-11-09 14:49:03 --> Could not check compatibility between App\Controllers\Cadastros::initController(App\Controllers\RequestInterface $request, App\Controllers\ResponseInterface $response, App\Controllers\LoggerInterface $logger) and App\Controllers\BaseController::initController(CodeIgniter\HTTP\RequestInterface $request, CodeIgniter\HTTP\ResponseInterface $response, Psr\Log\LoggerInterface $logger), because class App\Controllers\LoggerInterface is not available
in APPPATH\Controllers\Cadastros.php on line 5.
 1 APPPATH\Controllers\Cadastros.php(3): CodeIgniter\Debug\Exceptions->errorHandler(2, 'Could not check compatibility between App\\Controllers\\Cadastros::initController(App\\Controllers\\RequestInterface $request, App\\Controllers\\ResponseInterface $response, App\\Controllers\\LoggerInterface $logger) and App\\Controllers\\BaseController::initController(CodeIgniter\\HTTP\\RequestInterface $request, CodeIgniter\\HTTP\\ResponseInterface $response, Psr\\Log\\LoggerInterface $logger), because class App\\Controllers\\LoggerInterface is not available', 'APPPATH\\Controllers\\Cadastros.php', 5, [...])
 2 SYSTEMPATH\Autoloader\Autoloader.php(284): include_once('APPPATH\\Controllers\\Cadastros.php')
 3 SYSTEMPATH\Autoloader\Autoloader.php(261): CodeIgniter\Autoloader\Autoloader->includeFile('APPPATH\\Controllers\\Cadastros.php')
 4 SYSTEMPATH\Autoloader\Autoloader.php(239): CodeIgniter\Autoloader\Autoloader->loadInNamespace('App\\Controllers\\Cadastros')
 5 [internal function]: CodeIgniter\Autoloader\Autoloader->loadClass('App\\Controllers\\Cadastros')
 6 [internal function]: spl_autoload_call('App\\Controllers\\Cadastros')
 7 SYSTEMPATH\CodeIgniter.php(846): class_exists('\\App\\Controllers\\Cadastros', true)
 8 SYSTEMPATH\CodeIgniter.php(453): CodeIgniter\CodeIgniter->startController()
 9 SYSTEMPATH\CodeIgniter.php(349): CodeIgniter\CodeIgniter->handleRequest(null, Object(Config\Cache), false)
10 FCPATH\index.php(55): CodeIgniter\CodeIgniter->run()
CRITICAL - 2022-11-09 14:49:03 --> Could not check compatibility between App\Controllers\Cadastros::initController(App\Controllers\RequestInterface $request, App\Controllers\ResponseInterface $response, App\Controllers\LoggerInterface $logger) and App\Controllers\BaseController::initController(CodeIgniter\HTTP\RequestInterface $request, CodeIgniter\HTTP\ResponseInterface $response, Psr\Log\LoggerInterface $logger), because class App\Controllers\LoggerInterface is not available
in APPPATH\Controllers\Cadastros.php on line 5.
 1 APPPATH\Controllers\Cadastros.php(3): CodeIgniter\Debug\Exceptions->errorHandler(2, 'Could not check compatibility between App\\Controllers\\Cadastros::initController(App\\Controllers\\RequestInterface $request, App\\Controllers\\ResponseInterface $response, App\\Controllers\\LoggerInterface $logger) and App\\Controllers\\BaseController::initController(CodeIgniter\\HTTP\\RequestInterface $request, CodeIgniter\\HTTP\\ResponseInterface $response, Psr\\Log\\LoggerInterface $logger), because class App\\Controllers\\LoggerInterface is not available', 'APPPATH\\Controllers\\Cadastros.php', 5, [...])
 2 SYSTEMPATH\Autoloader\Autoloader.php(284): include_once('APPPATH\\Controllers\\Cadastros.php')
 3 SYSTEMPATH\Autoloader\Autoloader.php(261): CodeIgniter\Autoloader\Autoloader->includeFile('APPPATH\\Controllers\\Cadastros.php')
 4 SYSTEMPATH\Autoloader\Autoloader.php(239): CodeIgniter\Autoloader\Autoloader->loadInNamespace('App\\Controllers\\Cadastros')
 5 [internal function]: CodeIgniter\Autoloader\Autoloader->loadClass('App\\Controllers\\Cadastros')
 6 [internal function]: spl_autoload_call('App\\Controllers\\Cadastros')
 7 SYSTEMPATH\CodeIgniter.php(846): class_exists('\\App\\Controllers\\Cadastros', true)
 8 SYSTEMPATH\CodeIgniter.php(453): CodeIgniter\CodeIgniter->startController()
 9 SYSTEMPATH\CodeIgniter.php(349): CodeIgniter\CodeIgniter->handleRequest(null, Object(Config\Cache), false)
10 FCPATH\index.php(55): CodeIgniter\CodeIgniter->run()
CRITICAL - 2022-11-09 14:49:03 --> Could not check compatibility between App\Controllers\Cadastros::initController(App\Controllers\RequestInterface $request, App\Controllers\ResponseInterface $response, App\Controllers\LoggerInterface $logger) and App\Controllers\BaseController::initController(CodeIgniter\HTTP\RequestInterface $request, CodeIgniter\HTTP\ResponseInterface $response, Psr\Log\LoggerInterface $logger), because class App\Controllers\LoggerInterface is not available
in APPPATH\Controllers\Cadastros.php on line 5.
 1 APPPATH\Controllers\Cadastros.php(3): CodeIgniter\Debug\Exceptions->errorHandler(2, 'Could not check compatibility between App\\Controllers\\Cadastros::initController(App\\Controllers\\RequestInterface $request, App\\Controllers\\ResponseInterface $response, App\\Controllers\\LoggerInterface $logger) and App\\Controllers\\BaseController::initController(CodeIgniter\\HTTP\\RequestInterface $request, CodeIgniter\\HTTP\\ResponseInterface $response, Psr\\Log\\LoggerInterface $logger), because class App\\Controllers\\LoggerInterface is not available', 'APPPATH\\Controllers\\Cadastros.php', 5, [...])
 2 SYSTEMPATH\Autoloader\Autoloader.php(284): include_once('APPPATH\\Controllers\\Cadastros.php')
 3 SYSTEMPATH\Autoloader\Autoloader.php(261): CodeIgniter\Autoloader\Autoloader->includeFile('APPPATH\\Controllers\\Cadastros.php')
 4 SYSTEMPATH\Autoloader\Autoloader.php(239): CodeIgniter\Autoloader\Autoloader->loadInNamespace('App\\Controllers\\Cadastros')
 5 [internal function]: CodeIgniter\Autoloader\Autoloader->loadClass('App\\Controllers\\Cadastros')
 6 [internal function]: spl_autoload_call('App\\Controllers\\Cadastros')
 7 SYSTEMPATH\CodeIgniter.php(846): class_exists('\\App\\Controllers\\Cadastros', true)
 8 SYSTEMPATH\CodeIgniter.php(453): CodeIgniter\CodeIgniter->startController()
 9 SYSTEMPATH\CodeIgniter.php(349): CodeIgniter\CodeIgniter->handleRequest(null, Object(Config\Cache), false)
10 FCPATH\index.php(55): CodeIgniter\CodeIgniter->run()
CRITICAL - 2022-11-09 14:54:25 --> Could not check compatibility between App\Controllers\Cadastros::initController(CodeIgniter\HTTP\RequestInterface $request, CodeIgniter\HTTP\ResponseInterface $response, CodeIgniter\HTTP\LoggerInterface $logger) and App\Controllers\BaseController::initController(CodeIgniter\HTTP\RequestInterface $request, CodeIgniter\HTTP\ResponseInterface $response, Psr\Log\LoggerInterface $logger), because class CodeIgniter\HTTP\LoggerInterface is not available
in APPPATH\Controllers\Cadastros.php on line 5.
 1 APPPATH\Controllers\Cadastros.php(3): CodeIgniter\Debug\Exceptions->errorHandler(2, 'Could not check compatibility between App\\Controllers\\Cadastros::initController(CodeIgniter\\HTTP\\RequestInterface $request, CodeIgniter\\HTTP\\ResponseInterface $response, CodeIgniter\\HTTP\\LoggerInterface $logger) and App\\Controllers\\BaseController::initController(CodeIgniter\\HTTP\\RequestInterface $request, CodeIgniter\\HTTP\\ResponseInterface $response, Psr\\Log\\LoggerInterface $logger), because class CodeIgniter\\HTTP\\LoggerInterface is not available', 'APPPATH\\Controllers\\Cadastros.php', 5, [...])
 2 SYSTEMPATH\Autoloader\Autoloader.php(284): include_once('APPPATH\\Controllers\\Cadastros.php')
 3 SYSTEMPATH\Autoloader\Autoloader.php(261): CodeIgniter\Autoloader\Autoloader->includeFile('APPPATH\\Controllers\\Cadastros.php')
 4 SYSTEMPATH\Autoloader\Autoloader.php(239): CodeIgniter\Autoloader\Autoloader->loadInNamespace('App\\Controllers\\Cadastros')
 5 [internal function]: CodeIgniter\Autoloader\Autoloader->loadClass('App\\Controllers\\Cadastros')
 6 [internal function]: spl_autoload_call('App\\Controllers\\Cadastros')
 7 SYSTEMPATH\CodeIgniter.php(846): class_exists('\\App\\Controllers\\Cadastros', true)
 8 SYSTEMPATH\CodeIgniter.php(453): CodeIgniter\CodeIgniter->startController()
 9 SYSTEMPATH\CodeIgniter.php(349): CodeIgniter\CodeIgniter->handleRequest(null, Object(Config\Cache), false)
10 FCPATH\index.php(55): CodeIgniter\CodeIgniter->run()
CRITICAL - 2022-11-09 14:54:25 --> Could not check compatibility between App\Controllers\Cadastros::initController(CodeIgniter\HTTP\RequestInterface $request, CodeIgniter\HTTP\ResponseInterface $response, CodeIgniter\HTTP\LoggerInterface $logger) and App\Controllers\BaseController::initController(CodeIgniter\HTTP\RequestInterface $request, CodeIgniter\HTTP\ResponseInterface $response, Psr\Log\LoggerInterface $logger), because class CodeIgniter\HTTP\LoggerInterface is not available
in APPPATH\Controllers\Cadastros.php on line 5.
 1 APPPATH\Controllers\Cadastros.php(3): CodeIgniter\Debug\Exceptions->errorHandler(2, 'Could not check compatibility between App\\Controllers\\Cadastros::initController(CodeIgniter\\HTTP\\RequestInterface $request, CodeIgniter\\HTTP\\ResponseInterface $response, CodeIgniter\\HTTP\\LoggerInterface $logger) and App\\Controllers\\BaseController::initController(CodeIgniter\\HTTP\\RequestInterface $request, CodeIgniter\\HTTP\\ResponseInterface $response, Psr\\Log\\LoggerInterface $logger), because class CodeIgniter\\HTTP\\LoggerInterface is not available', 'APPPATH\\Controllers\\Cadastros.php', 5, [...])
 2 SYSTEMPATH\Autoloader\Autoloader.php(284): include_once('APPPATH\\Controllers\\Cadastros.php')
 3 SYSTEMPATH\Autoloader\Autoloader.php(261): CodeIgniter\Autoloader\Autoloader->includeFile('APPPATH\\Controllers\\Cadastros.php')
 4 SYSTEMPATH\Autoloader\Autoloader.php(239): CodeIgniter\Autoloader\Autoloader->loadInNamespace('App\\Controllers\\Cadastros')
 5 [internal function]: CodeIgniter\Autoloader\Autoloader->loadClass('App\\Controllers\\Cadastros')
 6 [internal function]: spl_autoload_call('App\\Controllers\\Cadastros')
 7 SYSTEMPATH\CodeIgniter.php(846): class_exists('\\App\\Controllers\\Cadastros', true)
 8 SYSTEMPATH\CodeIgniter.php(453): CodeIgniter\CodeIgniter->startController()
 9 SYSTEMPATH\CodeIgniter.php(349): CodeIgniter\CodeIgniter->handleRequest(null, Object(Config\Cache), false)
10 FCPATH\index.php(55): CodeIgniter\CodeIgniter->run()
CRITICAL - 2022-11-09 14:54:26 --> Could not check compatibility between App\Controllers\Cadastros::initController(CodeIgniter\HTTP\RequestInterface $request, CodeIgniter\HTTP\ResponseInterface $response, CodeIgniter\HTTP\LoggerInterface $logger) and App\Controllers\BaseController::initController(CodeIgniter\HTTP\RequestInterface $request, CodeIgniter\HTTP\ResponseInterface $response, Psr\Log\LoggerInterface $logger), because class CodeIgniter\HTTP\LoggerInterface is not available
in APPPATH\Controllers\Cadastros.php on line 5.
 1 APPPATH\Controllers\Cadastros.php(3): CodeIgniter\Debug\Exceptions->errorHandler(2, 'Could not check compatibility between App\\Controllers\\Cadastros::initController(CodeIgniter\\HTTP\\RequestInterface $request, CodeIgniter\\HTTP\\ResponseInterface $response, CodeIgniter\\HTTP\\LoggerInterface $logger) and App\\Controllers\\BaseController::initController(CodeIgniter\\HTTP\\RequestInterface $request, CodeIgniter\\HTTP\\ResponseInterface $response, Psr\\Log\\LoggerInterface $logger), because class CodeIgniter\\HTTP\\LoggerInterface is not available', 'APPPATH\\Controllers\\Cadastros.php', 5, [...])
 2 SYSTEMPATH\Autoloader\Autoloader.php(284): include_once('APPPATH\\Controllers\\Cadastros.php')
 3 SYSTEMPATH\Autoloader\Autoloader.php(261): CodeIgniter\Autoloader\Autoloader->includeFile('APPPATH\\Controllers\\Cadastros.php')
 4 SYSTEMPATH\Autoloader\Autoloader.php(239): CodeIgniter\Autoloader\Autoloader->loadInNamespace('App\\Controllers\\Cadastros')
 5 [internal function]: CodeIgniter\Autoloader\Autoloader->loadClass('App\\Controllers\\Cadastros')
 6 [internal function]: spl_autoload_call('App\\Controllers\\Cadastros')
 7 SYSTEMPATH\CodeIgniter.php(846): class_exists('\\App\\Controllers\\Cadastros', true)
 8 SYSTEMPATH\CodeIgniter.php(453): CodeIgniter\CodeIgniter->startController()
 9 SYSTEMPATH\CodeIgniter.php(349): CodeIgniter\CodeIgniter->handleRequest(null, Object(Config\Cache), false)
10 FCPATH\index.php(55): CodeIgniter\CodeIgniter->run()
CRITICAL - 2022-11-09 14:54:26 --> Could not check compatibility between App\Controllers\Cadastros::initController(CodeIgniter\HTTP\RequestInterface $request, CodeIgniter\HTTP\ResponseInterface $response, CodeIgniter\HTTP\LoggerInterface $logger) and App\Controllers\BaseController::initController(CodeIgniter\HTTP\RequestInterface $request, CodeIgniter\HTTP\ResponseInterface $response, Psr\Log\LoggerInterface $logger), because class CodeIgniter\HTTP\LoggerInterface is not available
in APPPATH\Controllers\Cadastros.php on line 5.
 1 APPPATH\Controllers\Cadastros.php(3): CodeIgniter\Debug\Exceptions->errorHandler(2, 'Could not check compatibility between App\\Controllers\\Cadastros::initController(CodeIgniter\\HTTP\\RequestInterface $request, CodeIgniter\\HTTP\\ResponseInterface $response, CodeIgniter\\HTTP\\LoggerInterface $logger) and App\\Controllers\\BaseController::initController(CodeIgniter\\HTTP\\RequestInterface $request, CodeIgniter\\HTTP\\ResponseInterface $response, Psr\\Log\\LoggerInterface $logger), because class CodeIgniter\\HTTP\\LoggerInterface is not available', 'APPPATH\\Controllers\\Cadastros.php', 5, [...])
 2 SYSTEMPATH\Autoloader\Autoloader.php(284): include_once('APPPATH\\Controllers\\Cadastros.php')
 3 SYSTEMPATH\Autoloader\Autoloader.php(261): CodeIgniter\Autoloader\Autoloader->includeFile('APPPATH\\Controllers\\Cadastros.php')
 4 SYSTEMPATH\Autoloader\Autoloader.php(239): CodeIgniter\Autoloader\Autoloader->loadInNamespace('App\\Controllers\\Cadastros')
 5 [internal function]: CodeIgniter\Autoloader\Autoloader->loadClass('App\\Controllers\\Cadastros')
 6 [internal function]: spl_autoload_call('App\\Controllers\\Cadastros')
 7 SYSTEMPATH\CodeIgniter.php(846): class_exists('\\App\\Controllers\\Cadastros', true)
 8 SYSTEMPATH\CodeIgniter.php(453): CodeIgniter\CodeIgniter->startController()
 9 SYSTEMPATH\CodeIgniter.php(349): CodeIgniter\CodeIgniter->handleRequest(null, Object(Config\Cache), false)
10 FCPATH\index.php(55): CodeIgniter\CodeIgniter->run()
CRITICAL - 2022-11-09 14:54:38 --> Could not check compatibility between App\Controllers\Cadastros::initController(CodeIgniter\HTTP\RequestInterface $request, CodeIgniter\HTTP\ResponseInterface $response, CodeIgniter\HTTP\LoggerInterface $logger) and App\Controllers\BaseController::initController(CodeIgniter\HTTP\RequestInterface $request, CodeIgniter\HTTP\ResponseInterface $response, Psr\Log\LoggerInterface $logger), because class CodeIgniter\HTTP\LoggerInterface is not available
in APPPATH\Controllers\Cadastros.php on line 5.
 1 APPPATH\Controllers\Cadastros.php(3): CodeIgniter\Debug\Exceptions->errorHandler(2, 'Could not check compatibility between App\\Controllers\\Cadastros::initController(CodeIgniter\\HTTP\\RequestInterface $request, CodeIgniter\\HTTP\\ResponseInterface $response, CodeIgniter\\HTTP\\LoggerInterface $logger) and App\\Controllers\\BaseController::initController(CodeIgniter\\HTTP\\RequestInterface $request, CodeIgniter\\HTTP\\ResponseInterface $response, Psr\\Log\\LoggerInterface $logger), because class CodeIgniter\\HTTP\\LoggerInterface is not available', 'APPPATH\\Controllers\\Cadastros.php', 5, [...])
 2 SYSTEMPATH\Router\AutoRouter.php(147): include_once('APPPATH\\Controllers\\Cadastros.php')
 3 SYSTEMPATH\Router\Router.php(499): CodeIgniter\Router\AutoRouter->getRoute('cadastros/inserir')
 4 SYSTEMPATH\Router\Router.php(205): CodeIgniter\Router\Router->autoRoute('cadastros/inserir')
 5 SYSTEMPATH\CodeIgniter.php(771): CodeIgniter\Router\Router->handle('cadastros/inserir')
 6 SYSTEMPATH\CodeIgniter.php(415): CodeIgniter\CodeIgniter->tryToRouteIt(Object(CodeIgniter\Router\RouteCollection))
 7 SYSTEMPATH\CodeIgniter.php(349): CodeIgniter\CodeIgniter->handleRequest(null, Object(Config\Cache), false)
 8 FCPATH\index.php(55): CodeIgniter\CodeIgniter->run()
CRITICAL - 2022-11-09 14:55:46 --> Undefined property: App\Controllers\Cadastros::$session
in APPPATH\Controllers\Cadastros.php on line 23.
 1 APPPATH\Controllers\Cadastros.php(23): CodeIgniter\Debug\Exceptions->errorHandler(8, 'Undefined property: App\\Controllers\\Cadastros::$session', 'APPPATH\\Controllers\\Cadastros.php', 23, [...])
 2 SYSTEMPATH\CodeIgniter.php(896): App\Controllers\Cadastros->index()
 3 SYSTEMPATH\CodeIgniter.php(466): CodeIgniter\CodeIgniter->runController(Object(App\Controllers\Cadastros))
 4 SYSTEMPATH\CodeIgniter.php(349): CodeIgniter\CodeIgniter->handleRequest(null, Object(Config\Cache), false)
 5 FCPATH\index.php(55): CodeIgniter\CodeIgniter->run()
CRITICAL - 2022-11-09 14:56:02 --> Undefined variable: msg
in APPPATH\Views\cadastros.php on line 21.
 1 APPPATH\Views\cadastros.php(21): CodeIgniter\Debug\Exceptions->errorHandler(8, 'Undefined variable: msg', 'APPPATH\\Views\\cadastros.php', 21, [...])
 2 SYSTEMPATH\View\View.php(213): include('APPPATH\\Views\\cadastros.php')
 3 SYSTEMPATH\View\View.php(216): CodeIgniter\View\View->CodeIgniter\View\{closure}()
 4 SYSTEMPATH\Common.php(1135): CodeIgniter\View\View->render('cadastros', [], true)
 5 APPPATH\Controllers\Cadastros.php(25): view('cadastros', [...])
 6 SYSTEMPATH\CodeIgniter.php(896): App\Controllers\Cadastros->index()
 7 SYSTEMPATH\CodeIgniter.php(466): CodeIgniter\CodeIgniter->runController(Object(App\Controllers\Cadastros))
 8 SYSTEMPATH\CodeIgniter.php(349): CodeIgniter\CodeIgniter->handleRequest(null, Object(Config\Cache), false)
 9 FCPATH\index.php(55): CodeIgniter\CodeIgniter->run()
CRITICAL - 2022-11-09 15:01:34 --> Undefined variable: cadastro
in APPPATH\Controllers\Cadastros.php on line 89.
 1 APPPATH\Controllers\Cadastros.php(89): CodeIgniter\Debug\Exceptions->errorHandler(8, 'Undefined variable: cadastro', 'APPPATH\\Controllers\\Cadastros.php', 89, [...])
 2 SYSTEMPATH\CodeIgniter.php(896): App\Controllers\Cadastros->excluir('30')
 3 SYSTEMPATH\CodeIgniter.php(466): CodeIgniter\CodeIgniter->runController(Object(App\Controllers\Cadastros))
 4 SYSTEMPATH\CodeIgniter.php(349): CodeIgniter\CodeIgniter->handleRequest(null, Object(Config\Cache), false)
 5 FCPATH\index.php(55): CodeIgniter\CodeIgniter->run()
CRITICAL - 2022-11-09 15:01:43 --> Undefined variable: titulo
in APPPATH\Views\cadastros_form.php on line 4.
 1 APPPATH\Views\cadastros_form.php(4): CodeIgniter\Debug\Exceptions->errorHandler(8, 'Undefined variable: titulo', 'APPPATH\\Views\\cadastros_form.php', 4, [...])
 2 SYSTEMPATH\View\View.php(213): include('APPPATH\\Views\\cadastros_form.php')
 3 SYSTEMPATH\View\View.php(216): CodeIgniter\View\View->CodeIgniter\View\{closure}()
 4 SYSTEMPATH\Common.php(1135): CodeIgniter\View\View->render('cadastros_form', [], true)
 5 APPPATH\Controllers\Cadastros.php(89): view('cadastros_form', [...])
 6 SYSTEMPATH\CodeIgniter.php(896): App\Controllers\Cadastros->excluir('30')
 7 SYSTEMPATH\CodeIgniter.php(466): CodeIgniter\CodeIgniter->runController(Object(App\Controllers\Cadastros))
 8 SYSTEMPATH\CodeIgniter.php(349): CodeIgniter\CodeIgniter->handleRequest(null, Object(Config\Cache), false)
 9 FCPATH\index.php(55): CodeIgniter\CodeIgniter->run()
CRITICAL - 2022-11-09 15:02:09 --> Undefined variable: acao
in APPPATH\Views\cadastros_form.php on line 33.
 1 APPPATH\Views\cadastros_form.php(33): CodeIgniter\Debug\Exceptions->errorHandler(8, 'Undefined variable: acao', 'APPPATH\\Views\\cadastros_form.php', 33, [...])
 2 SYSTEMPATH\View\View.php(213): include('APPPATH\\Views\\cadastros_form.php')
 3 SYSTEMPATH\View\View.php(216): CodeIgniter\View\View->CodeIgniter\View\{closure}()
 4 SYSTEMPATH\Common.php(1135): CodeIgniter\View\View->render('cadastros_form', [], true)
 5 APPPATH\Controllers\Cadastros.php(90): view('cadastros_form', [...])
 6 SYSTEMPATH\CodeIgniter.php(896): App\Controllers\Cadastros->excluir('30')
 7 SYSTEMPATH\CodeIgniter.php(466): CodeIgniter\CodeIgniter->runController(Object(App\Controllers\Cadastros))
 8 SYSTEMPATH\CodeIgniter.php(349): CodeIgniter\CodeIgniter->handleRequest(null, Object(Config\Cache), false)
 9 FCPATH\index.php(55): CodeIgniter\CodeIgniter->run()
ERROR - 2022-11-09 16:42:17 --> Unknown storage engine 'inoodb'
